1 5 7 30 33 38 40 47 
1 5 7 30 34 38 40 47 
1 5 7 33 35 38 40 47 
1 5 7 34 35 38 40 47 
1 5 8 30 33 38 40 47 
1 5 8 30 34 38 40 47 
1 5 8 33 35 38 40 47 
1 5 8 34 35 38 40 47 
1 5 18 29 30 38 40 47 
1 5 18 29 35 38 40 47 
1 5 18 30 33 38 40 47 
1 5 18 30 34 38 40 47 
1 5 18 30 38 40 46 47 
1 5 18 33 35 38 40 47 
1 5 18 34 35 38 40 47 
1 5 18 35 38 40 46 47 
1 5 20 30 33 38 40 47 
1 5 20 30 34 38 40 47 
1 5 20 33 35 38 40 47 
1 5 20 34 35 38 40 47 
1 6 7 30 33 38 40 47 
1 6 7 30 34 38 40 47 
1 6 7 33 35 38 40 47 
1 6 7 34 35 38 40 47 
1 6 8 30 33 38 40 47 
1 6 8 30 34 38 40 47 
1 6 8 33 35 38 40 47 
1 6 8 34 35 38 40 47 
1 6 9 30 33 38 40 47 
1 6 9 30 34 38 40 47 
1 6 9 33 35 38 40 47 
1 6 9 34 35 38 40 47 
1 6 18 29 30 38 40 47 
1 6 18 29 35 38 40 47 
1 6 18 30 33 38 40 47 
1 6 18 30 34 38 40 47 
1 6 18 30 38 40 46 47 
1 6 18 33 35 38 40 47 
1 6 18 34 35 38 40 47 
1 6 18 35 38 40 46 47 
1 6 19 30 33 38 40 47 
1 6 19 30 34 38 40 47 
1 6 19 33 35 38 40 47 
1 6 19 34 35 38 40 47 
1 6 20 30 33 38 40 47 
1 6 20 30 34 38 40 47 
1 6 20 33 35 38 40 47 
1 6 20 34 35 38 40 47 
1 7 16 30 33 38 40 47 
1 7 16 30 33 38 44 47 
1 7 16 30 34 38 40 47 
1 7 16 30 34 38 44 47 
1 7 16 33 35 38 40 47 
1 7 16 33 35 38 44 47 
1 7 16 34 35 38 40 47 
1 7 16 34 35 38 44 47 
1 7 17 30 33 38 40 47 
1 7 17 30 33 38 44 47 
1 7 17 30 34 38 40 47 
1 7 17 30 34 38 44 47 
1 7 17 33 35 38 40 47 
1 7 17 33 35 38 44 47 
1 7 17 34 35 38 40 47 
1 7 17 34 35 38 44 47 
1 8 16 30 33 38 40 47 
1 8 16 30 33 38 44 47 
1 8 16 30 34 38 40 47 
1 8 16 30 34 38 44 47 
1 8 16 33 35 38 40 47 
1 8 16 33 35 38 44 47 
1 8 16 34 35 38 40 47 
1 8 16 34 35 38 44 47 
1 8 17 30 33 38 40 47 
1 8 17 30 33 38 44 47 
1 8 17 30 34 38 40 47 
1 8 17 30 34 38 44 47 
1 8 17 33 35 38 40 47 
1 8 17 33 35 38 44 47 
1 8 17 34 35 38 40 47 
1 8 17 34 35 38 44 47 
1 9 17 30 33 38 40 47 
1 9 17 30 33 38 44 47 
1 9 17 30 34 38 40 47 
1 9 17 30 34 38 44 47 
1 9 17 33 35 38 40 47 
1 9 17 33 35 38 44 47 
1 9 17 34 35 38 40 47 
1 9 17 34 35 38 44 47 
1 16 18 29 30 38 40 47 
1 16 18 29 30 38 44 47 
1 16 18 29 35 38 40 47 
1 16 18 29 35 38 44 47 
1 16 18 30 33 38 40 47 
1 16 18 30 33 38 44 47 
1 16 18 30 34 38 40 47 
1 16 18 30 34 38 44 47 
1 16 18 30 38 40 46 47 
1 16 18 30 38 44 46 47 
1 16 18 33 35 38 40 47 
1 16 18 33 35 38 44 47 
1 16 18 34 35 38 40 47 
1 16 18 34 35 38 44 47 
1 16 18 35 38 40 46 47 
1 16 18 35 38 44 46 47 
1 16 20 30 33 38 40 47 
1 16 20 30 33 38 44 47 
1 16 20 30 34 38 40 47 
1 16 20 30 34 38 44 47 
1 16 20 33 35 38 40 47 
1 16 20 33 35 38 44 47 
1 16 20 34 35 38 40 47 
1 16 20 34 35 38 44 47 
1 17 18 29 30 38 40 47 
1 17 18 29 30 38 44 47 
1 17 18 29 35 38 40 47 
1 17 18 29 35 38 44 47 
1 17 18 30 33 38 40 47 
1 17 18 30 33 38 44 47 
1 17 18 30 34 38 40 47 
1 17 18 30 34 38 44 47 
1 17 18 30 38 40 46 47 
1 17 18 30 38 44 46 47 
1 17 18 33 35 38 40 47 
1 17 18 33 35 38 44 47 
1 17 18 34 35 38 40 47 
1 17 18 34 35 38 44 47 
1 17 18 35 38 40 46 47 
1 17 18 35 38 44 46 47 
1 17 19 30 33 38 40 47 
1 17 19 30 33 38 44 47 
1 17 19 30 34 38 40 47 
1 17 19 30 34 38 44 47 
1 17 19 33 35 38 40 47 
1 17 19 33 35 38 44 47 
1 17 19 34 35 38 40 47 
1 17 19 34 35 38 44 47 
1 17 20 30 33 38 40 47 
1 17 20 30 33 38 44 47 
1 17 20 30 34 38 40 47 
1 17 20 30 34 38 44 47 
1 17 20 33 35 38 40 47 
1 17 20 33 35 38 44 47 
1 17 20 34 35 38 40 47 
1 17 20 34 35 38 44 47 
2 5 7 30 33 38 40 47 
2 5 7 30 34 38 40 47 
2 5 7 33 35 38 40 47 
2 5 7 34 35 38 40 47 
2 5 8 30 33 38 40 47 
2 5 8 30 34 38 40 47 
2 5 8 33 35 38 40 47 
2 5 8 34 35 38 40 47 
2 5 18 29 30 38 40 47 
2 5 18 29 35 38 40 47 
2 5 18 30 33 38 40 47 
2 5 18 30 34 38 40 47 
2 5 18 30 38 40 46 47 
2 5 18 33 35 38 40 47 
2 5 18 34 35 38 40 47 
2 5 18 35 38 40 46 47 
2 5 20 30 33 38 40 47 
2 5 20 30 34 38 40 47 
2 5 20 33 35 38 40 47 
2 5 20 34 35 38 40 47 
2 6 7 30 33 38 40 47 
2 6 7 30 34 38 40 47 
2 6 7 33 35 38 40 47 
2 6 7 34 35 38 40 47 
2 6 8 30 33 38 40 47 
2 6 8 30 34 38 40 47 
2 6 8 33 35 38 40 47 
2 6 8 34 35 38 40 47 
2 6 9 30 33 38 40 47 
2 6 9 30 34 38 40 47 
2 6 9 33 35 38 40 47 
2 6 9 34 35 38 40 47 
2 6 18 29 30 38 40 47 
2 6 18 29 35 38 40 47 
2 6 18 30 33 38 40 47 
2 6 18 30 34 38 40 47 
2 6 18 30 38 40 46 47 
2 6 18 33 35 38 40 47 
2 6 18 34 35 38 40 47 
2 6 18 35 38 40 46 47 
2 6 19 30 33 38 40 47 
2 6 19 30 34 38 40 47 
2 6 19 33 35 38 40 47 
2 6 19 34 35 38 40 47 
2 6 20 30 33 38 40 47 
2 6 20 30 34 38 40 47 
2 6 20 33 35 38 40 47 
2 6 20 34 35 38 40 47 
2 7 16 30 33 38 40 47 
2 7 16 30 33 38 44 47 
2 7 16 30 34 38 40 47 
2 7 16 30 34 38 44 47 
2 7 16 33 35 38 40 47 
2 7 16 33 35 38 44 47 
2 7 16 34 35 38 40 47 
2 7 16 34 35 38 44 47 
2 7 17 30 33 38 40 47 
2 7 17 30 33 38 44 47 
2 7 17 30 34 38 40 47 
2 7 17 30 34 38 44 47 
2 7 17 33 35 38 40 47 
2 7 17 33 35 38 44 47 
2 7 17 34 35 38 40 47 
2 7 17 34 35 38 44 47 
2 8 16 30 33 38 40 47 
2 8 16 30 33 38 44 47 
2 8 16 30 34 38 40 47 
2 8 16 30 34 38 44 47 
2 8 16 33 35 38 40 47 
2 8 16 33 35 38 44 47 
2 8 16 34 35 38 40 47 
2 8 16 34 35 38 44 47 
2 8 17 30 33 38 40 47 
2 8 17 30 33 38 44 47 
2 8 17 30 34 38 40 47 
2 8 17 30 34 38 44 47 
2 8 17 33 35 38 40 47 
2 8 17 33 35 38 44 47 
2 8 17 34 35 38 40 47 
2 8 17 34 35 38 44 47 
2 9 17 30 33 38 40 47 
2 9 17 30 33 38 44 47 
2 9 17 30 34 38 40 47 
2 9 17 30 34 38 44 47 
2 9 17 33 35 38 40 47 
2 9 17 33 35 38 44 47 
2 9 17 34 35 38 40 47 
2 9 17 34 35 38 44 47 
2 16 18 29 30 38 40 47 
2 16 18 29 30 38 44 47 
2 16 18 29 35 38 40 47 
2 16 18 29 35 38 44 47 
2 16 18 30 33 38 40 47 
2 16 18 30 33 38 44 47 
2 16 18 30 34 38 40 47 
2 16 18 30 34 38 44 47 
2 16 18 30 38 40 46 47 
2 16 18 30 38 44 46 47 
2 16 18 33 35 38 40 47 
2 16 18 33 35 38 44 47 
2 16 18 34 35 38 40 47 
2 16 18 34 35 38 44 47 
2 16 18 35 38 40 46 47 
2 16 18 35 38 44 46 47 
2 16 20 30 33 38 40 47 
2 16 20 30 33 38 44 47 
2 16 20 30 34 38 40 47 
2 16 20 30 34 38 44 47 
2 16 20 33 35 38 40 47 
2 16 20 33 35 38 44 47 
2 16 20 34 35 38 40 47 
2 16 20 34 35 38 44 47 
2 17 18 29 30 38 40 47 
2 17 18 29 30 38 44 47 
2 17 18 29 35 38 40 47 
2 17 18 29 35 38 44 47 
2 17 18 30 33 38 40 47 
2 17 18 30 33 38 44 47 
2 17 18 30 34 38 40 47 
2 17 18 30 34 38 44 47 
2 17 18 30 38 40 46 47 
2 17 18 30 38 44 46 47 
2 17 18 33 35 38 40 47 
2 17 18 33 35 38 44 47 
2 17 18 34 35 38 40 47 
2 17 18 34 35 38 44 47 
2 17 18 35 38 40 46 47 
2 17 18 35 38 44 46 47 
2 17 19 30 33 38 40 47 
2 17 19 30 33 38 44 47 
2 17 19 30 34 38 40 47 
2 17 19 30 34 38 44 47 
2 17 19 33 35 38 40 47 
2 17 19 33 35 38 44 47 
2 17 19 34 35 38 40 47 
2 17 19 34 35 38 44 47 
2 17 20 30 33 38 40 47 
2 17 20 30 33 38 44 47 
2 17 20 30 34 38 40 47 
2 17 20 30 34 38 44 47 
2 17 20 33 35 38 40 47 
2 17 20 33 35 38 44 47 
2 17 20 34 35 38 40 47 
2 17 20 34 35 38 44 47 
5 7 10 30 33 38 40 47 
5 7 10 30 33 40 41 47 
5 7 10 30 34 38 40 47 
5 7 10 30 34 40 41 47 
5 7 10 33 35 38 40 47 
5 7 10 33 35 40 41 47 
5 7 10 34 35 38 40 47 
5 7 10 34 35 40 41 47 
5 7 11 30 33 38 40 47 
5 7 11 30 33 40 41 47 
5 7 11 30 34 38 40 47 
5 7 11 30 34 40 41 47 
5 7 11 33 35 38 40 47 
5 7 11 33 35 40 41 47 
5 7 11 34 35 38 40 47 
5 7 11 34 35 40 41 47 
5 7 12 30 33 38 40 47 
5 7 12 30 33 40 41 47 
5 7 12 30 34 38 40 47 
5 7 12 30 34 40 41 47 
5 7 12 33 35 38 40 47 
5 7 12 34 35 38 40 47 
5 7 21 30 33 38 40 47 
5 7 21 30 33 40 41 47 
5 7 21 30 34 38 40 47 
5 7 21 30 34 40 41 47 
5 7 21 33 35 38 40 47 
5 7 21 33 35 40 41 47 
5 7 21 34 35 38 40 47 
5 7 21 34 35 40 41 47 
5 8 10 30 33 38 40 47 
5 8 10 30 33 40 41 47 
5 8 10 30 34 38 40 47 
5 8 10 30 34 40 41 47 
5 8 10 33 35 38 40 47 
5 8 10 33 35 40 41 47 
5 8 10 34 35 38 40 47 
5 8 10 34 35 40 41 47 
5 8 11 30 33 38 40 47 
5 8 11 30 33 40 41 47 
5 8 11 30 34 38 40 47 
5 8 11 30 34 40 41 47 
5 8 11 33 35 38 40 47 
5 8 11 33 35 40 41 47 
5 8 11 34 35 38 40 47 
5 8 11 34 35 40 41 47 
5 8 12 30 33 38 40 47 
5 8 12 30 33 40 41 47 
5 8 12 30 34 38 40 47 
5 8 12 30 34 40 41 47 
5 8 12 33 35 38 40 47 
5 8 12 34 35 38 40 47 
5 8 21 30 33 38 40 47 
5 8 21 30 33 40 41 47 
5 8 21 30 34 38 40 47 
5 8 21 30 34 40 41 47 
5 8 21 33 35 38 40 47 
5 8 21 33 35 40 41 47 
5 8 21 34 35 38 40 47 
5 8 21 34 35 40 41 47 
5 10 18 29 30 38 40 47 
5 10 18 29 30 40 41 47 
5 10 18 29 35 38 40 47 
5 10 18 29 35 40 41 47 
5 10 18 30 33 38 40 47 
5 10 18 30 33 40 41 47 
5 10 18 30 34 38 40 47 
5 10 18 30 34 40 41 47 
5 10 18 30 38 40 46 47 
5 10 18 30 40 41 46 47 
5 10 18 33 35 38 40 47 
5 10 18 33 35 40 41 47 
5 10 18 34 35 38 40 47 
5 10 18 34 35 40 41 47 
5 10 18 35 38 40 46 47 
5 10 18 35 40 41 46 47 
5 10 20 30 33 38 40 47 
5 10 20 30 33 40 41 47 
5 10 20 30 34 38 40 47 
5 10 20 30 34 40 41 47 
5 10 20 33 35 38 40 47 
5 10 20 33 35 40 41 47 
5 10 20 34 35 38 40 47 
5 10 20 34 35 40 41 47 
5 11 18 29 30 38 40 47 
5 11 18 29 30 40 41 47 
5 11 18 29 35 38 40 47 
5 11 18 29 35 40 41 47 
5 11 18 30 33 38 40 47 
5 11 18 30 33 40 41 47 
5 11 18 30 34 38 40 47 
5 11 18 30 34 40 41 47 
5 11 18 30 38 40 46 47 
5 11 18 30 40 41 46 47 
5 11 18 33 35 38 40 47 
5 11 18 33 35 40 41 47 
5 11 18 34 35 38 40 47 
5 11 18 34 35 40 41 47 
5 11 18 35 38 40 46 47 
5 11 18 35 40 41 46 47 
5 11 20 30 33 38 40 47 
5 11 20 30 33 40 41 47 
5 11 20 30 34 38 40 47 
5 11 20 30 34 40 41 47 
5 11 20 33 35 38 40 47 
5 11 20 33 35 40 41 47 
5 11 20 34 35 38 40 47 
5 11 20 34 35 40 41 47 
5 12 18 29 30 38 40 47 
5 12 18 29 30 40 41 47 
5 12 18 29 35 38 40 47 
5 12 18 30 33 38 40 47 
5 12 18 30 33 40 41 47 
5 12 18 30 34 38 40 47 
5 12 18 30 34 40 41 47 
5 12 18 30 38 40 46 47 
5 12 18 30 40 41 46 47 
5 12 18 33 35 38 40 47 
5 12 18 34 35 38 40 47 
5 12 18 35 38 40 46 47 
5 12 20 30 33 38 40 47 
5 12 20 30 33 40 41 47 
5 12 20 30 34 38 40 47 
5 12 20 30 34 40 41 47 
5 12 20 33 35 38 40 47 
5 12 20 34 35 38 40 47 
5 18 21 29 30 38 40 47 
5 18 21 29 30 40 41 47 
5 18 21 29 35 38 40 47 
5 18 21 29 35 40 41 47 
5 18 21 30 33 38 40 47 
5 18 21 30 33 40 41 47 
5 18 21 30 34 38 40 47 
5 18 21 30 34 40 41 47 
5 18 21 30 38 40 46 47 
5 18 21 30 40 41 46 47 
5 18 21 33 35 38 40 47 
5 18 21 33 35 40 41 47 
5 18 21 34 35 38 40 47 
5 18 21 34 35 40 41 47 
5 18 21 35 38 40 46 47 
5 18 21 35 40 41 46 47 
5 20 21 30 33 38 40 47 
5 20 21 30 33 40 41 47 
5 20 21 30 34 38 40 47 
5 20 21 30 34 40 41 47 
5 20 21 33 35 38 40 47 
5 20 21 33 35 40 41 47 
5 20 21 34 35 38 40 47 
5 20 21 34 35 40 41 47 
6 7 10 30 33 38 40 47 
6 7 10 30 33 40 41 47 
6 7 10 30 34 38 40 47 
6 7 10 30 34 40 41 47 
6 7 10 33 35 38 40 47 
6 7 10 33 35 40 41 47 
6 7 10 34 35 38 40 47 
6 7 10 34 35 40 41 47 
6 7 11 30 33 38 40 47 
6 7 11 30 33 40 41 47 
6 7 11 30 34 38 40 47 
6 7 11 30 34 40 41 47 
6 7 11 33 35 38 40 47 
6 7 11 33 35 40 41 47 
6 7 11 34 35 38 40 47 
6 7 11 34 35 40 41 47 
6 7 12 30 33 38 40 47 
6 7 12 30 33 40 41 47 
6 7 12 30 34 38 40 47 
6 7 12 30 34 40 41 47 
6 7 12 33 35 38 40 47 
6 7 12 34 35 38 40 47 
6 7 21 30 33 38 40 47 
6 7 21 30 33 40 41 47 
6 7 21 30 34 38 40 47 
6 7 21 30 34 40 41 47 
6 7 21 33 35 38 40 47 
6 7 21 33 35 40 41 47 
6 7 21 34 35 38 40 47 
6 7 21 34 35 40 41 47 
6 8 10 30 33 38 40 47 
6 8 10 30 33 40 41 47 
6 8 10 30 34 38 40 47 
6 8 10 30 34 40 41 47 
6 8 10 33 35 38 40 47 
6 8 10 33 35 40 41 47 
6 8 10 34 35 38 40 47 
6 8 10 34 35 40 41 47 
6 8 11 30 33 38 40 47 
6 8 11 30 33 40 41 47 
6 8 11 30 34 38 40 47 
6 8 11 30 34 40 41 47 
6 8 11 33 35 38 40 47 
6 8 11 33 35 40 41 47 
6 8 11 34 35 38 40 47 
6 8 11 34 35 40 41 47 
6 8 12 30 33 38 40 47 
6 8 12 30 33 40 41 47 
6 8 12 30 34 38 40 47 
6 8 12 30 34 40 41 47 
6 8 12 33 35 38 40 47 
6 8 12 34 35 38 40 47 
6 8 21 30 33 38 40 47 
6 8 21 30 33 40 41 47 
6 8 21 30 34 38 40 47 
6 8 21 30 34 40 41 47 
6 8 21 33 35 38 40 47 
6 8 21 33 35 40 41 47 
6 8 21 34 35 38 40 47 
6 8 21 34 35 40 41 47 
6 9 10 30 33 38 40 47 
6 9 10 30 33 40 41 47 
6 9 10 30 34 38 40 47 
6 9 10 30 34 40 41 47 
6 9 10 33 35 38 40 47 
6 9 10 33 35 40 41 47 
6 9 10 34 35 38 40 47 
6 9 10 34 35 40 41 47 
6 9 11 30 33 38 40 47 
6 9 11 30 33 40 41 47 
6 9 11 30 34 38 40 47 
6 9 11 30 34 40 41 47 
6 9 11 33 35 38 40 47 
6 9 11 33 35 40 41 47 
6 9 11 34 35 38 40 47 
6 9 11 34 35 40 41 47 
6 9 12 30 33 38 40 47 
6 9 12 30 33 40 41 47 
6 9 12 30 34 38 40 47 
6 9 12 30 34 40 41 47 
6 9 12 33 35 38 40 47 
6 9 12 34 35 38 40 47 
6 9 21 30 33 38 40 47 
6 9 21 30 33 40 41 47 
6 9 21 30 34 38 40 47 
6 9 21 30 34 40 41 47 
6 9 21 33 35 38 40 47 
6 9 21 33 35 40 41 47 
6 9 21 34 35 38 40 47 
6 9 21 34 35 40 41 47 
6 10 18 29 30 38 40 47 
6 10 18 29 30 40 41 47 
6 10 18 29 35 38 40 47 
6 10 18 29 35 40 41 47 
6 10 18 30 33 38 40 47 
6 10 18 30 33 40 41 47 
6 10 18 30 34 38 40 47 
6 10 18 30 34 40 41 47 
6 10 18 30 38 40 46 47 
6 10 18 30 40 41 46 47 
6 10 18 33 35 38 40 47 
6 10 18 33 35 40 41 47 
6 10 18 34 35 38 40 47 
6 10 18 34 35 40 41 47 
6 10 18 35 38 40 46 47 
6 10 18 35 40 41 46 47 
6 10 19 30 33 38 40 47 
6 10 19 30 33 40 41 47 
6 10 19 30 34 38 40 47 
6 10 19 30 34 40 41 47 
6 10 19 33 35 38 40 47 
6 10 19 33 35 40 41 47 
6 10 19 34 35 38 40 47 
6 10 19 34 35 40 41 47 
6 10 20 30 33 38 40 47 
6 10 20 30 33 40 41 47 
6 10 20 30 34 38 40 47 
6 10 20 30 34 40 41 47 
6 10 20 33 35 38 40 47 
6 10 20 33 35 40 41 47 
6 10 20 34 35 38 40 47 
6 10 20 34 35 40 41 47 
6 11 18 29 30 38 40 47 
6 11 18 29 30 40 41 47 
6 11 18 29 35 38 40 47 
6 11 18 29 35 40 41 47 
6 11 18 30 33 38 40 47 
6 11 18 30 33 40 41 47 
6 11 18 30 34 38 40 47 
6 11 18 30 34 40 41 47 
6 11 18 30 38 40 46 47 
6 11 18 30 40 41 46 47 
6 11 18 33 35 38 40 47 
6 11 18 33 35 40 41 47 
6 11 18 34 35 38 40 47 
6 11 18 34 35 40 41 47 
6 11 18 35 38 40 46 47 
6 11 18 35 40 41 46 47 
6 11 19 30 33 38 40 47 
6 11 19 30 33 40 41 47 
6 11 19 30 34 38 40 47 
6 11 19 30 34 40 41 47 
6 11 19 33 35 38 40 47 
6 11 19 33 35 40 41 47 
6 11 19 34 35 38 40 47 
6 11 19 34 35 40 41 47 
6 11 20 30 33 38 40 47 
6 11 20 30 33 40 41 47 
6 11 20 30 34 38 40 47 
6 11 20 30 34 40 41 47 
6 11 20 33 35 38 40 47 
6 11 20 33 35 40 41 47 
6 11 20 34 35 38 40 47 
6 11 20 34 35 40 41 47 
6 12 18 29 30 38 40 47 
6 12 18 29 30 40 41 47 
6 12 18 29 35 38 40 47 
6 12 18 30 33 38 40 47 
6 12 18 30 33 40 41 47 
6 12 18 30 34 38 40 47 
6 12 18 30 34 40 41 47 
6 12 18 30 38 40 46 47 
6 12 18 30 40 41 46 47 
6 12 18 33 35 38 40 47 
6 12 18 34 35 38 40 47 
6 12 18 35 38 40 46 47 
6 12 19 30 33 38 40 47 
6 12 19 30 33 40 41 47 
6 12 19 30 34 38 40 47 
6 12 19 30 34 40 41 47 
6 12 19 33 35 38 40 47 
6 12 19 34 35 38 40 47 
6 12 20 30 33 38 40 47 
6 12 20 30 33 40 41 47 
6 12 20 30 34 38 40 47 
6 12 20 30 34 40 41 47 
6 12 20 33 35 38 40 47 
6 12 20 34 35 38 40 47 
6 18 21 29 30 38 40 47 
6 18 21 29 30 40 41 47 
6 18 21 29 35 38 40 47 
6 18 21 29 35 40 41 47 
6 18 21 30 33 38 40 47 
6 18 21 30 33 40 41 47 
6 18 21 30 34 38 40 47 
6 18 21 30 34 40 41 47 
6 18 21 30 38 40 46 47 
6 18 21 30 40 41 46 47 
6 18 21 33 35 38 40 47 
6 18 21 33 35 40 41 47 
6 18 21 34 35 38 40 47 
6 18 21 34 35 40 41 47 
6 18 21 35 38 40 46 47 
6 18 21 35 40 41 46 47 
6 19 21 30 33 38 40 47 
6 19 21 30 33 40 41 47 
6 19 21 30 34 38 40 47 
6 19 21 30 34 40 41 47 
6 19 21 33 35 38 40 47 
6 19 21 33 35 40 41 47 
6 19 21 34 35 38 40 47 
6 19 21 34 35 40 41 47 
6 20 21 30 33 38 40 47 
6 20 21 30 33 40 41 47 
6 20 21 30 34 38 40 47 
6 20 21 30 34 40 41 47 
6 20 21 33 35 38 40 47 
6 20 21 33 35 40 41 47 
6 20 21 34 35 38 40 47 
6 20 21 34 35 40 41 47 
7 10 16 30 33 38 40 47 
7 10 16 30 33 38 44 47 
7 10 16 30 33 40 41 47 
7 10 16 30 34 38 40 47 
7 10 16 30 34 38 44 47 
7 10 16 30 34 40 41 47 
7 10 16 33 35 38 40 47 
7 10 16 33 35 38 44 47 
7 10 16 33 35 40 41 47 
7 10 16 34 35 38 40 47 
7 10 16 34 35 38 44 47 
7 10 16 34 35 40 41 47 
7 10 17 30 33 38 40 47 
7 10 17 30 33 38 44 47 
7 10 17 30 33 40 41 47 
7 10 17 30 34 38 40 47 
7 10 17 30 34 38 44 47 
7 10 17 30 34 40 41 47 
7 10 17 33 35 38 40 47 
7 10 17 33 35 38 44 47 
7 10 17 33 35 40 41 47 
7 10 17 34 35 38 40 47 
7 10 17 34 35 38 44 47 
7 10 17 34 35 40 41 47 
7 11 16 30 33 38 40 47 
7 11 16 30 33 38 44 47 
7 11 16 30 33 40 41 47 
7 11 16 30 34 38 40 47 
7 11 16 30 34 38 44 47 
7 11 16 30 34 40 41 47 
7 11 16 33 35 38 40 47 
7 11 16 33 35 38 44 47 
7 11 16 33 35 40 41 47 
7 11 16 34 35 38 40 47 
7 11 16 34 35 38 44 47 
7 11 16 34 35 40 41 47 
7 11 17 30 33 38 40 47 
7 11 17 30 33 38 44 47 
7 11 17 30 33 40 41 47 
7 11 17 30 34 38 40 47 
7 11 17 30 34 38 44 47 
7 11 17 30 34 40 41 47 
7 11 17 33 35 38 40 47 
7 11 17 33 35 38 44 47 
7 11 17 33 35 40 41 47 
7 11 17 34 35 38 40 47 
7 11 17 34 35 38 44 47 
7 11 17 34 35 40 41 47 
7 12 16 30 33 38 40 47 
7 12 16 30 33 38 44 47 
7 12 16 30 33 40 41 47 
7 12 16 30 34 38 40 47 
7 12 16 30 34 38 44 47 
7 12 16 30 34 40 41 47 
7 12 16 33 35 38 40 47 
7 12 16 33 35 38 44 47 
7 12 16 34 35 38 40 47 
7 12 16 34 35 38 44 47 
7 12 17 30 33 38 40 47 
7 12 17 30 33 38 44 47 
7 12 17 30 33 40 41 47 
7 12 17 30 34 38 40 47 
7 12 17 30 34 38 44 47 
7 12 17 30 34 40 41 47 
7 12 17 33 35 38 40 47 
7 12 17 33 35 38 44 47 
7 12 17 34 35 38 40 47 
7 12 17 34 35 38 44 47 
7 12 26 30 33 38 40 47 
7 12 26 30 33 38 43 47 
7 12 26 30 33 38 44 47 
7 12 26 30 33 38 45 46 
7 12 26 30 33 38 45 47 
7 12 26 30 33 40 41 47 
7 12 26 30 33 41 43 47 
7 12 26 30 34 38 40 47 
7 12 26 30 34 38 43 47 
7 12 26 30 34 38 44 47 
7 12 26 30 34 38 45 46 
7 12 26 30 34 38 45 47 
7 12 26 30 34 40 41 47 
7 12 26 30 34 41 43 47 
7 12 26 33 35 38 40 47 
7 12 26 33 35 38 43 47 
7 12 26 33 35 38 44 47 
7 12 26 33 35 38 45 46 
7 12 26 33 35 38 45 47 
7 12 26 33 35 40 41 47 
7 12 26 33 35 41 43 47 
7 12 26 34 35 38 40 47 
7 12 26 34 35 38 43 47 
7 12 26 34 35 38 44 47 
7 12 26 34 35 38 45 46 
7 12 26 34 35 38 45 47 
7 12 26 34 35 40 41 47 
7 12 26 34 35 41 43 47 
7 12 27 29 30 38 40 47 
7 12 27 29 30 38 43 47 
7 12 27 29 30 38 44 47 
7 12 27 29 30 38 45 46 
7 12 27 29 30 38 45 47 
7 12 27 29 30 40 41 47 
7 12 27 29 30 41 43 47 
7 12 27 29 35 38 40 47 
7 12 27 29 35 38 43 47 
7 12 27 29 35 38 44 47 
7 12 27 29 35 38 45 46 
7 12 27 29 35 38 45 47 
7 12 27 30 33 38 40 47 
7 12 27 30 33 38 43 47 
7 12 27 30 33 38 44 47 
7 12 27 30 33 38 45 46 
7 12 27 30 33 38 45 47 
7 12 27 30 33 40 41 47 
7 12 27 30 33 41 43 47 
7 12 27 30 34 38 40 47 
7 12 27 30 34 38 43 47 
7 12 27 30 34 38 44 47 
7 12 27 30 34 38 45 46 
7 12 27 30 34 38 45 47 
7 12 27 30 34 40 41 47 
7 12 27 30 34 41 43 47 
7 12 27 33 35 38 40 47 
7 12 27 33 35 38 43 47 
7 12 27 33 35 38 44 47 
7 12 27 33 35 38 45 46 
7 12 27 33 35 38 45 47 
7 12 27 34 35 38 40 47 
7 12 27 34 35 38 43 47 
7 12 27 34 35 38 44 47 
7 12 27 34 35 38 45 46 
7 12 27 34 35 38 45 47 
7 12 28 29 30 38 40 47 
7 12 28 29 30 40 41 47 
7 12 28 29 35 38 40 47 
7 12 28 30 33 38 40 47 
7 12 28 30 33 40 41 47 
7 12 28 30 34 38 40 47 
7 12 28 30 34 40 41 47 
7 12 28 30 38 39 46 47 
7 12 28 30 38 40 46 47 
7 12 28 30 39 41 46 47 
7 12 28 30 40 41 46 47 
7 12 28 33 35 38 40 47 
7 12 28 34 35 38 40 47 
7 12 28 35 38 39 46 47 
7 12 28 35 38 40 46 47 
7 12 28 35 39 41 46 47 
7 12 29 30 31 38 40 47 
7 12 29 30 31 38 43 47 
7 12 29 30 31 38 44 47 
7 12 29 30 31 40 41 47 
7 12 29 30 31 41 43 47 
7 12 29 30 32 38 40 47 
7 12 29 30 32 40 41 47 
7 12 29 30 37 38 40 47 
7 12 29 30 37 38 43 47 
7 12 29 30 37 38 44 47 
7 12 29 30 37 38 45 46 
7 12 29 30 37 38 45 47 
7 12 29 30 37 40 41 47 
7 12 29 30 37 41 43 47 
7 12 29 31 35 38 40 47 
7 12 29 31 35 38 43 47 
7 12 29 31 35 38 44 47 
7 12 29 32 35 38 40 47 
7 12 29 35 37 38 40 47 
7 12 29 35 37 38 43 47 
7 12 29 35 37 38 44 47 
7 12 29 35 37 38 45 46 
7 12 29 35 37 38 45 47 
7 12 30 31 33 38 40 47 
7 12 30 31 33 38 43 47 
7 12 30 31 33 38 44 47 
7 12 30 31 33 40 41 47 
7 12 30 31 33 41 43 47 
7 12 30 31 34 38 40 47 
7 12 30 31 34 38 43 47 
7 12 30 31 34 38 44 47 
7 12 30 31 34 40 41 47 
7 12 30 31 34 41 43 47 
7 12 30 32 33 38 40 47 
7 12 30 32 33 40 41 47 
7 12 30 32 34 38 40 47 
7 12 30 32 34 40 41 47 
7 12 30 32 38 39 46 47 
7 12 30 32 38 40 46 47 
7 12 30 32 39 41 46 47 
7 12 30 32 40 41 46 47 
7 12 30 33 37 38 40 47 
7 12 30 33 37 38 43 47 
7 12 30 33 37 38 44 47 
7 12 30 33 37 38 45 46 
7 12 30 33 37 38 45 47 
7 12 30 33 37 40 41 47 
7 12 30 33 37 41 43 47 
7 12 30 34 37 38 40 47 
7 12 30 34 37 38 43 47 
7 12 30 34 37 38 44 47 
7 12 30 34 37 38 45 46 
7 12 30 34 37 38 45 47 
7 12 30 34 37 40 41 47 
7 12 30 34 37 41 43 47 
7 12 31 33 35 38 40 47 
7 12 31 33 35 38 43 47 
7 12 31 33 35 38 44 47 
7 12 31 34 35 38 40 47 
7 12 31 34 35 38 43 47 
7 12 31 34 35 38 44 47 
7 12 32 33 35 38 40 47 
7 12 32 34 35 38 40 47 
7 12 32 35 38 39 46 47 
7 12 32 35 38 40 46 47 
7 12 32 35 39 41 46 47 
7 12 33 35 37 38 40 47 
7 12 33 35 37 38 43 47 
7 12 33 35 37 38 44 47 
7 12 33 35 37 38 45 46 
7 12 33 35 37 38 45 47 
7 12 34 35 37 38 40 47 
7 12 34 35 37 38 43 47 
7 12 34 35 37 38 44 47 
7 12 34 35 37 38 45 46 
7 12 34 35 37 38 45 47 
7 16 21 30 33 38 40 47 
7 16 21 30 33 38 44 47 
7 16 21 30 33 40 41 47 
7 16 21 30 34 38 40 47 
7 16 21 30 34 38 44 47 
7 16 21 30 34 40 41 47 
7 16 21 33 35 38 40 47 
7 16 21 33 35 38 44 47 
7 16 21 33 35 40 41 47 
7 16 21 34 35 38 40 47 
7 16 21 34 35 38 44 47 
7 16 21 34 35 40 41 47 
7 17 21 30 33 38 40 47 
7 17 21 30 33 38 44 47 
7 17 21 30 33 40 41 47 
7 17 21 30 34 38 40 47 
7 17 21 30 34 38 44 47 
7 17 21 30 34 40 41 47 
7 17 21 33 35 38 40 47 
7 17 21 33 35 38 44 47 
7 17 21 33 35 40 41 47 
7 17 21 34 35 38 40 47 
7 17 21 34 35 38 44 47 
7 17 21 34 35 40 41 47 
8 10 16 30 33 38 40 47 
8 10 16 30 33 38 44 47 
8 10 16 30 33 40 41 47 
8 10 16 30 34 38 40 47 
8 10 16 30 34 38 44 47 
8 10 16 30 34 40 41 47 
8 10 16 33 35 38 40 47 
8 10 16 33 35 38 44 47 
8 10 16 33 35 40 41 47 
8 10 16 34 35 38 40 47 
8 10 16 34 35 38 44 47 
8 10 16 34 35 40 41 47 
8 10 17 30 33 38 40 47 
8 10 17 30 33 38 44 47 
8 10 17 30 33 40 41 47 
8 10 17 30 34 38 40 47 
8 10 17 30 34 38 44 47 
8 10 17 30 34 40 41 47 
8 10 17 33 35 38 40 47 
8 10 17 33 35 38 44 47 
8 10 17 33 35 40 41 47 
8 10 17 34 35 38 40 47 
8 10 17 34 35 38 44 47 
8 10 17 34 35 40 41 47 
8 11 16 30 33 38 40 47 
8 11 16 30 33 38 44 47 
8 11 16 30 33 40 41 47 
8 11 16 30 34 38 40 47 
8 11 16 30 34 38 44 47 
8 11 16 30 34 40 41 47 
8 11 16 33 35 38 40 47 
8 11 16 33 35 38 44 47 
8 11 16 33 35 40 41 47 
8 11 16 34 35 38 40 47 
8 11 16 34 35 38 44 47 
8 11 16 34 35 40 41 47 
8 11 17 30 33 38 40 47 
8 11 17 30 33 38 44 47 
8 11 17 30 33 40 41 47 
8 11 17 30 34 38 40 47 
8 11 17 30 34 38 44 47 
8 11 17 30 34 40 41 47 
8 11 17 33 35 38 40 47 
8 11 17 33 35 38 44 47 
8 11 17 33 35 40 41 47 
8 11 17 34 35 38 40 47 
8 11 17 34 35 38 44 47 
8 11 17 34 35 40 41 47 
8 12 16 30 33 38 40 47 
8 12 16 30 33 38 44 47 
8 12 16 30 33 40 41 47 
8 12 16 30 34 38 40 47 
8 12 16 30 34 38 44 47 
8 12 16 30 34 40 41 47 
8 12 16 33 35 38 40 47 
8 12 16 33 35 38 44 47 
8 12 16 34 35 38 40 47 
8 12 16 34 35 38 44 47 
8 12 17 30 33 38 40 47 
8 12 17 30 33 38 44 47 
8 12 17 30 33 40 41 47 
8 12 17 30 34 38 40 47 
8 12 17 30 34 38 44 47 
8 12 17 30 34 40 41 47 
8 12 17 33 35 38 40 47 
8 12 17 33 35 38 44 47 
8 12 17 34 35 38 40 47 
8 12 17 34 35 38 44 47 
8 12 26 30 33 38 40 47 
8 12 26 30 33 38 43 47 
8 12 26 30 33 38 44 47 
8 12 26 30 33 38 45 46 
8 12 26 30 33 38 45 47 
8 12 26 30 33 40 41 47 
8 12 26 30 33 41 43 47 
8 12 26 30 34 38 40 47 
8 12 26 30 34 38 43 47 
8 12 26 30 34 38 44 47 
8 12 26 30 34 38 45 46 
8 12 26 30 34 38 45 47 
8 12 26 30 34 40 41 47 
8 12 26 30 34 41 43 47 
8 12 26 33 35 38 40 47 
8 12 26 33 35 38 43 47 
8 12 26 33 35 38 44 47 
8 12 26 33 35 38 45 46 
8 12 26 33 35 38 45 47 
8 12 26 33 35 40 41 47 
8 12 26 33 35 41 43 47 
8 12 26 34 35 38 40 47 
8 12 26 34 35 38 43 47 
8 12 26 34 35 38 44 47 
8 12 26 34 35 38 45 46 
8 12 26 34 35 38 45 47 
8 12 26 34 35 40 41 47 
8 12 26 34 35 41 43 47 
8 12 27 29 30 38 40 47 
8 12 27 29 30 38 43 47 
8 12 27 29 30 38 44 47 
8 12 27 29 30 38 45 46 
8 12 27 29 30 38 45 47 
8 12 27 29 30 40 41 47 
8 12 27 29 30 41 43 47 
8 12 27 29 35 38 40 47 
8 12 27 29 35 38 43 47 
8 12 27 29 35 38 44 47 
8 12 27 29 35 38 45 46 
8 12 27 29 35 38 45 47 
8 12 27 30 33 38 40 47 
8 12 27 30 33 38 43 47 
8 12 27 30 33 38 44 47 
8 12 27 30 33 38 45 46 
8 12 27 30 33 38 45 47 
8 12 27 30 33 40 41 47 
8 12 27 30 33 41 43 47 
8 12 27 30 34 38 40 47 
8 12 27 30 34 38 43 47 
8 12 27 30 34 38 44 47 
8 12 27 30 34 38 45 46 
8 12 27 30 34 38 45 47 
8 12 27 30 34 40 41 47 
8 12 27 30 34 41 43 47 
8 12 27 33 35 38 40 47 
8 12 27 33 35 38 43 47 
8 12 27 33 35 38 44 47 
8 12 27 33 35 38 45 46 
8 12 27 33 35 38 45 47 
8 12 27 34 35 38 40 47 
8 12 27 34 35 38 43 47 
8 12 27 34 35 38 44 47 
8 12 27 34 35 38 45 46 
8 12 27 34 35 38 45 47 
8 12 28 29 30 38 40 47 
8 12 28 29 30 40 41 47 
8 12 28 29 35 38 40 47 
8 12 28 30 33 38 40 47 
8 12 28 30 33 40 41 47 
8 12 28 30 34 38 40 47 
8 12 28 30 34 40 41 47 
8 12 28 30 38 39 46 47 
8 12 28 30 38 40 46 47 
8 12 28 30 39 41 46 47 
8 12 28 30 40 41 46 47 
8 12 28 33 35 38 40 47 
8 12 28 34 35 38 40 47 
8 12 28 35 38 39 46 47 
8 12 28 35 38 40 46 47 
8 12 28 35 39 41 46 47 
8 12 29 30 31 38 40 47 
8 12 29 30 31 38 43 47 
8 12 29 30 31 38 44 47 
8 12 29 30 31 40 41 47 
8 12 29 30 31 41 43 47 
8 12 29 30 32 38 40 47 
8 12 29 30 32 40 41 47 
8 12 29 30 37 38 40 47 
8 12 29 30 37 38 43 47 
8 12 29 30 37 38 44 47 
8 12 29 30 37 38 45 46 
8 12 29 30 37 38 45 47 
8 12 29 30 37 40 41 47 
8 12 29 30 37 41 43 47 
8 12 29 31 35 38 40 47 
8 12 29 31 35 38 43 47 
8 12 29 31 35 38 44 47 
8 12 29 32 35 38 40 47 
8 12 29 35 37 38 40 47 
8 12 29 35 37 38 43 47 
8 12 29 35 37 38 44 47 
8 12 29 35 37 38 45 46 
8 12 29 35 37 38 45 47 
8 12 30 31 33 38 40 47 
8 12 30 31 33 38 43 47 
8 12 30 31 33 38 44 47 
8 12 30 31 33 40 41 47 
8 12 30 31 33 41 43 47 
8 12 30 31 34 38 40 47 
8 12 30 31 34 38 43 47 
8 12 30 31 34 38 44 47 
8 12 30 31 34 40 41 47 
8 12 30 31 34 41 43 47 
8 12 30 32 33 38 40 47 
8 12 30 32 33 40 41 47 
8 12 30 32 34 38 40 47 
8 12 30 32 34 40 41 47 
8 12 30 32 38 39 46 47 
8 12 30 32 38 40 46 47 
8 12 30 32 39 41 46 47 
8 12 30 32 40 41 46 47 
8 12 30 33 37 38 40 47 
8 12 30 33 37 38 43 47 
8 12 30 33 37 38 44 47 
8 12 30 33 37 38 45 46 
8 12 30 33 37 38 45 47 
8 12 30 33 37 40 41 47 
8 12 30 33 37 41 43 47 
8 12 30 34 37 38 40 47 
8 12 30 34 37 38 43 47 
8 12 30 34 37 38 44 47 
8 12 30 34 37 38 45 46 
8 12 30 34 37 38 45 47 
8 12 30 34 37 40 41 47 
8 12 30 34 37 41 43 47 
8 12 31 33 35 38 40 47 
8 12 31 33 35 38 43 47 
8 12 31 33 35 38 44 47 
8 12 31 34 35 38 40 47 
8 12 31 34 35 38 43 47 
8 12 31 34 35 38 44 47 
8 12 32 33 35 38 40 47 
8 12 32 34 35 38 40 47 
8 12 32 35 38 39 46 47 
8 12 32 35 38 40 46 47 
8 12 32 35 39 41 46 47 
8 12 33 35 37 38 40 47 
8 12 33 35 37 38 43 47 
8 12 33 35 37 38 44 47 
8 12 33 35 37 38 45 46 
8 12 33 35 37 38 45 47 
8 12 34 35 37 38 40 47 
8 12 34 35 37 38 43 47 
8 12 34 35 37 38 44 47 
8 12 34 35 37 38 45 46 
8 12 34 35 37 38 45 47 
8 16 21 30 33 38 40 47 
8 16 21 30 33 38 44 47 
8 16 21 30 33 40 41 47 
8 16 21 30 34 38 40 47 
8 16 21 30 34 38 44 47 
8 16 21 30 34 40 41 47 
8 16 21 33 35 38 40 47 
8 16 21 33 35 38 44 47 
8 16 21 33 35 40 41 47 
8 16 21 34 35 38 40 47 
8 16 21 34 35 38 44 47 
8 16 21 34 35 40 41 47 
8 17 21 30 33 38 40 47 
8 17 21 30 33 38 44 47 
8 17 21 30 33 40 41 47 
8 17 21 30 34 38 40 47 
8 17 21 30 34 38 44 47 
8 17 21 30 34 40 41 47 
8 17 21 33 35 38 40 47 
8 17 21 33 35 38 44 47 
8 17 21 33 35 40 41 47 
8 17 21 34 35 38 40 47 
8 17 21 34 35 38 44 47 
8 17 21 34 35 40 41 47 
9 10 17 30 33 38 40 47 
9 10 17 30 33 38 44 47 
9 10 17 30 33 40 41 47 
9 10 17 30 34 38 40 47 
9 10 17 30 34 38 44 47 
9 10 17 30 34 40 41 47 
9 10 17 33 35 38 40 47 
9 10 17 33 35 38 44 47 
9 10 17 33 35 40 41 47 
9 10 17 34 35 38 40 47 
9 10 17 34 35 38 44 47 
9 10 17 34 35 40 41 47 
9 11 17 30 33 38 40 47 
9 11 17 30 33 38 44 47 
9 11 17 30 33 40 41 47 
9 11 17 30 34 38 40 47 
9 11 17 30 34 38 44 47 
9 11 17 30 34 40 41 47 
9 11 17 33 35 38 40 47 
9 11 17 33 35 38 44 47 
9 11 17 33 35 40 41 47 
9 11 17 34 35 38 40 47 
9 11 17 34 35 38 44 47 
9 11 17 34 35 40 41 47 
9 12 17 30 33 38 40 47 
9 12 17 30 33 38 44 47 
9 12 17 30 33 40 41 47 
9 12 17 30 34 38 40 47 
9 12 17 30 34 38 44 47 
9 12 17 30 34 40 41 47 
9 12 17 33 35 38 40 47 
9 12 17 33 35 38 44 47 
9 12 17 34 35 38 40 47 
9 12 17 34 35 38 44 47 
9 17 21 30 33 38 40 47 
9 17 21 30 33 38 44 47 
9 17 21 30 33 40 41 47 
9 17 21 30 34 38 40 47 
9 17 21 30 34 38 44 47 
9 17 21 30 34 40 41 47 
9 17 21 33 35 38 40 47 
9 17 21 33 35 38 44 47 
9 17 21 33 35 40 41 47 
9 17 21 34 35 38 40 47 
9 17 21 34 35 38 44 47 
9 17 21 34 35 40 41 47 
10 16 18 29 30 38 40 47 
10 16 18 29 30 38 44 47 
10 16 18 29 30 40 41 47 
10 16 18 29 35 38 40 47 
10 16 18 29 35 38 44 47 
10 16 18 29 35 40 41 47 
10 16 18 30 33 38 40 47 
10 16 18 30 33 38 44 47 
10 16 18 30 33 40 41 47 
10 16 18 30 34 38 40 47 
10 16 18 30 34 38 44 47 
10 16 18 30 34 40 41 47 
10 16 18 30 38 40 46 47 
10 16 18 30 38 44 46 47 
10 16 18 30 40 41 46 47 
10 16 18 33 35 38 40 47 
10 16 18 33 35 38 44 47 
10 16 18 33 35 40 41 47 
10 16 18 34 35 38 40 47 
10 16 18 34 35 38 44 47 
10 16 18 34 35 40 41 47 
10 16 18 35 38 40 46 47 
10 16 18 35 38 44 46 47 
10 16 18 35 40 41 46 47 
10 16 20 30 33 38 40 47 
10 16 20 30 33 38 44 47 
10 16 20 30 33 40 41 47 
10 16 20 30 34 38 40 47 
10 16 20 30 34 38 44 47 
10 16 20 30 34 40 41 47 
10 16 20 33 35 38 40 47 
10 16 20 33 35 38 44 47 
10 16 20 33 35 40 41 47 
10 16 20 34 35 38 40 47 
10 16 20 34 35 38 44 47 
10 16 20 34 35 40 41 47 
10 17 18 29 30 38 40 47 
10 17 18 29 30 38 44 47 
10 17 18 29 30 40 41 47 
10 17 18 29 35 38 40 47 
10 17 18 29 35 38 44 47 
10 17 18 29 35 40 41 47 
10 17 18 30 33 38 40 47 
10 17 18 30 33 38 44 47 
10 17 18 30 33 40 41 47 
10 17 18 30 34 38 40 47 
10 17 18 30 34 38 44 47 
10 17 18 30 34 40 41 47 
10 17 18 30 38 40 46 47 
10 17 18 30 38 44 46 47 
10 17 18 30 40 41 46 47 
10 17 18 33 35 38 40 47 
10 17 18 33 35 38 44 47 
10 17 18 33 35 40 41 47 
10 17 18 34 35 38 40 47 
10 17 18 34 35 38 44 47 
10 17 18 34 35 40 41 47 
10 17 18 35 38 40 46 47 
10 17 18 35 38 44 46 47 
10 17 18 35 40 41 46 47 
10 17 19 30 33 38 40 47 
10 17 19 30 33 38 44 47 
10 17 19 30 33 40 41 47 
10 17 19 30 34 38 40 47 
10 17 19 30 34 38 44 47 
10 17 19 30 34 40 41 47 
10 17 19 33 35 38 40 47 
10 17 19 33 35 38 44 47 
10 17 19 33 35 40 41 47 
10 17 19 34 35 38 40 47 
10 17 19 34 35 38 44 47 
10 17 19 34 35 40 41 47 
10 17 20 30 33 38 40 47 
10 17 20 30 33 38 44 47 
10 17 20 30 33 40 41 47 
10 17 20 30 34 38 40 47 
10 17 20 30 34 38 44 47 
10 17 20 30 34 40 41 47 
10 17 20 33 35 38 40 47 
10 17 20 33 35 38 44 47 
10 17 20 33 35 40 41 47 
10 17 20 34 35 38 40 47 
10 17 20 34 35 38 44 47 
10 17 20 34 35 40 41 47 
11 16 18 29 30 38 40 47 
11 16 18 29 30 38 44 47 
11 16 18 29 30 40 41 47 
11 16 18 29 35 38 40 47 
11 16 18 29 35 38 44 47 
11 16 18 29 35 40 41 47 
11 16 18 30 33 38 40 47 
11 16 18 30 33 38 44 47 
11 16 18 30 33 40 41 47 
11 16 18 30 34 38 40 47 
11 16 18 30 34 38 44 47 
11 16 18 30 34 40 41 47 
11 16 18 30 38 40 46 47 
11 16 18 30 38 44 46 47 
11 16 18 30 40 41 46 47 
11 16 18 33 35 38 40 47 
11 16 18 33 35 38 44 47 
11 16 18 33 35 40 41 47 
11 16 18 34 35 38 40 47 
11 16 18 34 35 38 44 47 
11 16 18 34 35 40 41 47 
11 16 18 35 38 40 46 47 
11 16 18 35 38 44 46 47 
11 16 18 35 40 41 46 47 
11 16 20 30 33 38 40 47 
11 16 20 30 33 38 44 47 
11 16 20 30 33 40 41 47 
11 16 20 30 34 38 40 47 
11 16 20 30 34 38 44 47 
11 16 20 30 34 40 41 47 
11 16 20 33 35 38 40 47 
11 16 20 33 35 38 44 47 
11 16 20 33 35 40 41 47 
11 16 20 34 35 38 40 47 
11 16 20 34 35 38 44 47 
11 16 20 34 35 40 41 47 
11 17 18 29 30 38 40 47 
11 17 18 29 30 38 44 47 
11 17 18 29 30 40 41 47 
11 17 18 29 35 38 40 47 
11 17 18 29 35 38 44 47 
11 17 18 29 35 40 41 47 
11 17 18 30 33 38 40 47 
11 17 18 30 33 38 44 47 
11 17 18 30 33 40 41 47 
11 17 18 30 34 38 40 47 
11 17 18 30 34 38 44 47 
11 17 18 30 34 40 41 47 
11 17 18 30 38 40 46 47 
11 17 18 30 38 44 46 47 
11 17 18 30 40 41 46 47 
11 17 18 33 35 38 40 47 
11 17 18 33 35 38 44 47 
11 17 18 33 35 40 41 47 
11 17 18 34 35 38 40 47 
11 17 18 34 35 38 44 47 
11 17 18 34 35 40 41 47 
11 17 18 35 38 40 46 47 
11 17 18 35 38 44 46 47 
11 17 18 35 40 41 46 47 
11 17 19 30 33 38 40 47 
11 17 19 30 33 38 44 47 
11 17 19 30 33 40 41 47 
11 17 19 30 34 38 40 47 
11 17 19 30 34 38 44 47 
11 17 19 30 34 40 41 47 
11 17 19 33 35 38 40 47 
11 17 19 33 35 38 44 47 
11 17 19 33 35 40 41 47 
11 17 19 34 35 38 40 47 
11 17 19 34 35 38 44 47 
11 17 19 34 35 40 41 47 
11 17 20 30 33 38 40 47 
11 17 20 30 33 38 44 47 
11 17 20 30 33 40 41 47 
11 17 20 30 34 38 40 47 
11 17 20 30 34 38 44 47 
11 17 20 30 34 40 41 47 
11 17 20 33 35 38 40 47 
11 17 20 33 35 38 44 47 
11 17 20 33 35 40 41 47 
11 17 20 34 35 38 40 47 
11 17 20 34 35 38 44 47 
11 17 20 34 35 40 41 47 
12 16 18 29 30 38 40 47 
12 16 18 29 30 38 44 47 
12 16 18 29 30 40 41 47 
12 16 18 29 35 38 40 47 
12 16 18 29 35 38 44 47 
12 16 18 30 33 38 40 47 
12 16 18 30 33 38 44 47 
12 16 18 30 33 40 41 47 
12 16 18 30 34 38 40 47 
12 16 18 30 34 38 44 47 
12 16 18 30 34 40 41 47 
12 16 18 30 38 40 46 47 
12 16 18 30 38 44 46 47 
12 16 18 30 40 41 46 47 
12 16 18 33 35 38 40 47 
12 16 18 33 35 38 44 47 
12 16 18 34 35 38 40 47 
12 16 18 34 35 38 44 47 
12 16 18 35 38 40 46 47 
12 16 18 35 38 44 46 47 
12 16 20 30 33 38 40 47 
12 16 20 30 33 38 44 47 
12 16 20 30 33 40 41 47 
12 16 20 30 34 38 40 47 
12 16 20 30 34 38 44 47 
12 16 20 30 34 40 41 47 
12 16 20 33 35 38 40 47 
12 16 20 33 35 38 44 47 
12 16 20 34 35 38 40 47 
12 16 20 34 35 38 44 47 
12 17 18 29 30 38 40 47 
12 17 18 29 30 38 44 47 
12 17 18 29 30 40 41 47 
12 17 18 29 35 38 40 47 
12 17 18 29 35 38 44 47 
12 17 18 30 33 38 40 47 
12 17 18 30 33 38 44 47 
12 17 18 30 33 40 41 47 
12 17 18 30 34 38 40 47 
12 17 18 30 34 38 44 47 
12 17 18 30 34 40 41 47 
12 17 18 30 38 40 46 47 
12 17 18 30 38 44 46 47 
12 17 18 30 40 41 46 47 
12 17 18 33 35 38 40 47 
12 17 18 33 35 38 44 47 
12 17 18 34 35 38 40 47 
12 17 18 34 35 38 44 47 
12 17 18 35 38 40 46 47 
12 17 18 35 38 44 46 47 
12 17 19 30 33 38 40 47 
12 17 19 30 33 38 44 47 
12 17 19 30 33 40 41 47 
12 17 19 30 34 38 40 47 
12 17 19 30 34 38 44 47 
12 17 19 30 34 40 41 47 
12 17 19 33 35 38 40 47 
12 17 19 33 35 38 44 47 
12 17 19 34 35 38 40 47 
12 17 19 34 35 38 44 47 
12 17 20 30 33 38 40 47 
12 17 20 30 33 38 44 47 
12 17 20 30 33 40 41 47 
12 17 20 30 34 38 40 47 
12 17 20 30 34 38 44 47 
12 17 20 30 34 40 41 47 
12 17 20 33 35 38 40 47 
12 17 20 33 35 38 44 47 
12 17 20 34 35 38 40 47 
12 17 20 34 35 38 44 47 
12 18 26 29 30 38 40 47 
12 18 26 29 30 38 43 47 
12 18 26 29 30 38 44 47 
12 18 26 29 30 38 45 46 
12 18 26 29 30 38 45 47 
12 18 26 29 30 40 41 47 
12 18 26 29 30 41 43 47 
12 18 26 29 35 38 40 47 
12 18 26 29 35 38 43 47 
12 18 26 29 35 38 44 47 
12 18 26 29 35 38 45 46 
12 18 26 29 35 38 45 47 
12 18 26 29 35 40 41 47 
12 18 26 29 35 41 43 47 
12 18 26 30 33 38 40 47 
12 18 26 30 33 38 43 47 
12 18 26 30 33 38 44 47 
12 18 26 30 33 38 45 46 
12 18 26 30 33 38 45 47 
12 18 26 30 33 40 41 47 
12 18 26 30 33 41 43 47 
12 18 26 30 34 38 40 47 
12 18 26 30 34 38 43 47 
12 18 26 30 34 38 44 47 
12 18 26 30 34 38 45 46 
12 18 26 30 34 38 45 47 
12 18 26 30 34 40 41 47 
12 18 26 30 34 41 43 47 
12 18 26 30 38 39 46 47 
12 18 26 30 38 40 46 47 
12 18 26 30 38 43 46 47 
12 18 26 30 38 44 46 47 
12 18 26 30 38 45 46 47 
12 18 26 30 39 41 46 47 
12 18 26 30 40 41 46 47 
12 18 26 30 41 43 46 47 
12 18 26 33 35 38 40 47 
12 18 26 33 35 38 43 47 
12 18 26 33 35 38 44 47 
12 18 26 33 35 38 45 46 
12 18 26 33 35 38 45 47 
12 18 26 33 35 40 41 47 
12 18 26 33 35 41 43 47 
12 18 26 34 35 38 40 47 
12 18 26 34 35 38 43 47 
12 18 26 34 35 38 44 47 
12 18 26 34 35 38 45 46 
12 18 26 34 35 38 45 47 
12 18 26 34 35 40 41 47 
12 18 26 34 35 41 43 47 
12 18 26 35 38 39 46 47 
12 18 26 35 38 40 46 47 
12 18 26 35 38 43 46 47 
12 18 26 35 38 44 46 47 
12 18 26 35 38 45 46 47 
12 18 26 35 39 41 46 47 
12 18 26 35 40 41 46 47 
12 18 26 35 41 43 46 47 
12 18 27 29 30 38 40 47 
12 18 27 29 30 38 43 47 
12 18 27 29 30 38 44 47 
12 18 27 29 30 38 45 46 
12 18 27 29 30 38 45 47 
12 18 27 29 30 40 41 47 
12 18 27 29 30 41 43 47 
12 18 27 29 35 38 40 47 
12 18 27 29 35 38 43 47 
12 18 27 29 35 38 44 47 
12 18 27 29 35 38 45 46 
12 18 27 29 35 38 45 47 
12 18 27 30 33 38 40 47 
12 18 27 30 33 38 43 47 
12 18 27 30 33 38 44 47 
12 18 27 30 33 38 45 46 
12 18 27 30 33 38 45 47 
12 18 27 30 33 40 41 47 
12 18 27 30 33 41 43 47 
12 18 27 30 34 38 40 47 
12 18 27 30 34 38 43 47 
12 18 27 30 34 38 44 47 
12 18 27 30 34 38 45 46 
12 18 27 30 34 38 45 47 
12 18 27 30 34 40 41 47 
12 18 27 30 34 41 43 47 
12 18 27 30 38 39 46 47 
12 18 27 30 38 40 46 47 
12 18 27 30 38 43 46 47 
12 18 27 30 38 44 46 47 
12 18 27 30 38 45 46 47 
12 18 27 30 39 41 46 47 
12 18 27 30 40 41 46 47 
12 18 27 30 41 43 46 47 
12 18 27 33 35 38 40 47 
12 18 27 33 35 38 43 47 
12 18 27 33 35 38 44 47 
12 18 27 33 35 38 45 46 
12 18 27 33 35 38 45 47 
12 18 27 34 35 38 40 47 
12 18 27 34 35 38 43 47 
12 18 27 34 35 38 44 47 
12 18 27 34 35 38 45 46 
12 18 27 34 35 38 45 47 
12 18 27 35 38 39 46 47 
12 18 27 35 38 40 46 47 
12 18 27 35 38 43 46 47 
12 18 27 35 38 44 46 47 
12 18 27 35 38 45 46 47 
12 18 27 35 39 41 46 47 
12 18 28 29 30 38 40 47 
12 18 28 29 30 40 41 47 
12 18 28 29 35 38 40 47 
12 18 28 30 33 38 40 47 
12 18 28 30 33 40 41 47 
12 18 28 30 34 38 40 47 
12 18 28 30 34 40 41 47 
12 18 28 30 38 39 46 47 
12 18 28 30 38 40 46 47 
12 18 28 30 39 41 46 47 
12 18 28 30 40 41 46 47 
12 18 28 33 35 38 40 47 
12 18 28 34 35 38 40 47 
12 18 28 35 38 39 46 47 
12 18 28 35 38 40 46 47 
12 18 28 35 39 41 46 47 
12 18 29 30 31 38 40 47 
12 18 29 30 31 38 43 47 
12 18 29 30 31 38 44 47 
12 18 29 30 31 40 41 47 
12 18 29 30 31 41 43 47 
12 18 29 30 32 38 40 47 
12 18 29 30 32 40 41 47 
12 18 29 30 37 38 40 47 
12 18 29 30 37 38 43 47 
12 18 29 30 37 38 44 47 
12 18 29 30 37 38 45 46 
12 18 29 30 37 38 45 47 
12 18 29 30 37 40 41 47 
12 18 29 30 37 41 43 47 
12 18 29 31 35 38 40 47 
12 18 29 31 35 38 43 47 
12 18 29 31 35 38 44 47 
12 18 29 32 35 38 40 47 
12 18 29 35 37 38 40 47 
12 18 29 35 37 38 43 47 
12 18 29 35 37 38 44 47 
12 18 29 35 37 38 45 46 
12 18 29 35 37 38 45 47 
12 18 30 31 33 38 40 47 
12 18 30 31 33 38 43 47 
12 18 30 31 33 38 44 47 
12 18 30 31 33 40 41 47 
12 18 30 31 33 41 43 47 
12 18 30 31 34 38 40 47 
12 18 30 31 34 38 43 47 
12 18 30 31 34 38 44 47 
12 18 30 31 34 40 41 47 
12 18 30 31 34 41 43 47 
12 18 30 31 38 39 46 47 
12 18 30 31 38 40 46 47 
12 18 30 31 38 43 46 47 
12 18 30 31 38 44 46 47 
12 18 30 31 39 41 46 47 
12 18 30 31 40 41 46 47 
12 18 30 31 41 43 46 47 
12 18 30 32 33 38 40 47 
12 18 30 32 33 40 41 47 
12 18 30 32 34 38 40 47 
12 18 30 32 34 40 41 47 
12 18 30 32 38 39 46 47 
12 18 30 32 38 40 46 47 
12 18 30 32 39 41 46 47 
12 18 30 32 40 41 46 47 
12 18 30 33 37 38 40 47 
12 18 30 33 37 38 43 47 
12 18 30 33 37 38 44 47 
12 18 30 33 37 38 45 46 
12 18 30 33 37 38 45 47 
12 18 30 33 37 40 41 47 
12 18 30 33 37 41 43 47 
12 18 30 34 37 38 40 47 
12 18 30 34 37 38 43 47 
12 18 30 34 37 38 44 47 
12 18 30 34 37 38 45 46 
12 18 30 34 37 38 45 47 
12 18 30 34 37 40 41 47 
12 18 30 34 37 41 43 47 
12 18 30 37 38 39 46 47 
12 18 30 37 38 40 46 47 
12 18 30 37 38 42 46 47 
12 18 30 37 38 43 46 47 
12 18 30 37 38 44 46 47 
12 18 30 37 38 45 46 47 
12 18 30 37 39 41 46 47 
12 18 30 37 40 41 46 47 
12 18 30 37 41 42 46 47 
12 18 30 37 41 43 46 47 
12 18 31 33 35 38 40 47 
12 18 31 33 35 38 43 47 
12 18 31 33 35 38 44 47 
12 18 31 34 35 38 40 47 
12 18 31 34 35 38 43 47 
12 18 31 34 35 38 44 47 
12 18 31 35 38 39 46 47 
12 18 31 35 38 40 46 47 
12 18 31 35 38 43 46 47 
12 18 31 35 38 44 46 47 
12 18 31 35 39 41 46 47 
12 18 32 33 35 38 40 47 
12 18 32 34 35 38 40 47 
12 18 32 35 38 39 46 47 
12 18 32 35 38 40 46 47 
12 18 32 35 39 41 46 47 
12 18 33 35 37 38 40 47 
12 18 33 35 37 38 43 47 
12 18 33 35 37 38 44 47 
12 18 33 35 37 38 45 46 
12 18 33 35 37 38 45 47 
12 18 34 35 37 38 40 47 
12 18 34 35 37 38 43 47 
12 18 34 35 37 38 44 47 
12 18 34 35 37 38 45 46 
12 18 34 35 37 38 45 47 
12 18 35 37 38 39 46 47 
12 18 35 37 38 40 46 47 
12 18 35 37 38 42 46 47 
12 18 35 37 38 43 46 47 
12 18 35 37 38 44 46 47 
12 18 35 37 38 45 46 47 
12 18 35 37 39 41 46 47 
12 18 35 37 41 42 46 47 
12 20 26 30 33 38 40 47 
12 20 26 30 33 38 43 47 
12 20 26 30 33 38 44 47 
12 20 26 30 33 38 45 46 
12 20 26 30 33 38 45 47 
12 20 26 30 33 40 41 47 
12 20 26 30 33 41 43 47 
12 20 26 30 34 38 40 47 
12 20 26 30 34 38 43 47 
12 20 26 30 34 38 44 47 
12 20 26 30 34 38 45 46 
12 20 26 30 34 38 45 47 
12 20 26 30 34 40 41 47 
12 20 26 30 34 41 43 47 
12 20 26 33 35 38 40 47 
12 20 26 33 35 38 43 47 
12 20 26 33 35 38 44 47 
12 20 26 33 35 38 45 46 
12 20 26 33 35 38 45 47 
12 20 26 33 35 40 41 47 
12 20 26 33 35 41 43 47 
12 20 26 34 35 38 40 47 
12 20 26 34 35 38 43 47 
12 20 26 34 35 38 44 47 
12 20 26 34 35 38 45 46 
12 20 26 34 35 38 45 47 
12 20 26 34 35 40 41 47 
12 20 26 34 35 41 43 47 
12 20 27 29 30 38 40 47 
12 20 27 29 30 38 43 47 
12 20 27 29 30 38 44 47 
12 20 27 29 30 38 45 46 
12 20 27 29 30 38 45 47 
12 20 27 29 30 40 41 47 
12 20 27 29 30 41 43 47 
12 20 27 29 35 38 40 47 
12 20 27 29 35 38 43 47 
12 20 27 29 35 38 44 47 
12 20 27 29 35 38 45 46 
12 20 27 29 35 38 45 47 
12 20 27 30 33 38 40 47 
12 20 27 30 33 38 43 47 
12 20 27 30 33 38 44 47 
12 20 27 30 33 38 45 46 
12 20 27 30 33 38 45 47 
12 20 27 30 33 40 41 47 
12 20 27 30 33 41 43 47 
12 20 27 30 34 38 40 47 
12 20 27 30 34 38 43 47 
12 20 27 30 34 38 44 47 
12 20 27 30 34 38 45 46 
12 20 27 30 34 38 45 47 
12 20 27 30 34 40 41 47 
12 20 27 30 34 41 43 47 
12 20 27 30 38 39 46 47 
12 20 27 30 38 40 46 47 
12 20 27 30 38 43 46 47 
12 20 27 30 38 44 46 47 
12 20 27 30 38 45 46 47 
12 20 27 30 39 41 46 47 
12 20 27 30 40 41 46 47 
12 20 27 30 41 43 46 47 
12 20 27 33 35 38 40 47 
12 20 27 33 35 38 43 47 
12 20 27 33 35 38 44 47 
12 20 27 33 35 38 45 46 
12 20 27 33 35 38 45 47 
12 20 27 34 35 38 40 47 
12 20 27 34 35 38 43 47 
12 20 27 34 35 38 44 47 
12 20 27 34 35 38 45 46 
12 20 27 34 35 38 45 47 
12 20 27 35 38 39 46 47 
12 20 27 35 38 40 46 47 
12 20 27 35 38 43 46 47 
12 20 27 35 38 44 46 47 
12 20 27 35 38 45 46 47 
12 20 27 35 39 41 46 47 
12 20 28 29 30 38 40 47 
12 20 28 29 30 40 41 47 
12 20 28 29 35 38 40 47 
12 20 28 30 33 38 40 47 
12 20 28 30 33 40 41 47 
12 20 28 30 34 38 40 47 
12 20 28 30 34 40 41 47 
12 20 28 30 38 39 46 47 
12 20 28 30 38 40 46 47 
12 20 28 30 39 41 46 47 
12 20 28 30 40 41 46 47 
12 20 28 33 35 38 40 47 
12 20 28 34 35 38 40 47 
12 20 28 35 38 39 46 47 
12 20 28 35 38 40 46 47 
12 20 28 35 39 41 46 47 
12 20 29 30 31 38 40 47 
12 20 29 30 31 38 43 47 
12 20 29 30 31 38 44 47 
12 20 29 30 31 40 41 47 
12 20 29 30 31 41 43 47 
12 20 29 30 32 38 40 47 
12 20 29 30 32 40 41 47 
12 20 29 30 37 38 40 47 
12 20 29 30 37 38 43 47 
12 20 29 30 37 38 44 47 
12 20 29 30 37 38 45 46 
12 20 29 30 37 38 45 47 
12 20 29 30 37 40 41 47 
12 20 29 30 37 41 43 47 
12 20 29 31 35 38 40 47 
12 20 29 31 35 38 43 47 
12 20 29 31 35 38 44 47 
12 20 29 32 35 38 40 47 
12 20 29 35 37 38 40 47 
12 20 29 35 37 38 43 47 
12 20 29 35 37 38 44 47 
12 20 29 35 37 38 45 46 
12 20 29 35 37 38 45 47 
12 20 30 31 33 38 40 47 
12 20 30 31 33 38 43 47 
12 20 30 31 33 38 44 47 
12 20 30 31 33 40 41 47 
12 20 30 31 33 41 43 47 
12 20 30 31 34 38 40 47 
12 20 30 31 34 38 43 47 
12 20 30 31 34 38 44 47 
12 20 30 31 34 40 41 47 
12 20 30 31 34 41 43 47 
12 20 30 31 38 39 46 47 
12 20 30 31 38 40 46 47 
12 20 30 31 38 43 46 47 
12 20 30 31 38 44 46 47 
12 20 30 31 39 41 46 47 
12 20 30 31 40 41 46 47 
12 20 30 31 41 43 46 47 
12 20 30 32 33 38 40 47 
12 20 30 32 33 40 41 47 
12 20 30 32 34 38 40 47 
12 20 30 32 34 40 41 47 
12 20 30 32 38 39 46 47 
12 20 30 32 38 40 46 47 
12 20 30 32 39 41 46 47 
12 20 30 32 40 41 46 47 
12 20 30 33 37 38 40 47 
12 20 30 33 37 38 43 47 
12 20 30 33 37 38 44 47 
12 20 30 33 37 38 45 46 
12 20 30 33 37 38 45 47 
12 20 30 33 37 40 41 47 
12 20 30 33 37 41 43 47 
12 20 30 34 37 38 40 47 
12 20 30 34 37 38 43 47 
12 20 30 34 37 38 44 47 
12 20 30 34 37 38 45 46 
12 20 30 34 37 38 45 47 
12 20 30 34 37 40 41 47 
12 20 30 34 37 41 43 47 
12 20 30 37 38 39 46 47 
12 20 30 37 38 40 46 47 
12 20 30 37 38 42 46 47 
12 20 30 37 38 43 46 47 
12 20 30 37 38 44 46 47 
12 20 30 37 38 45 46 47 
12 20 30 37 39 41 46 47 
12 20 30 37 40 41 46 47 
12 20 30 37 41 42 46 47 
12 20 30 37 41 43 46 47 
12 20 31 33 35 38 40 47 
12 20 31 33 35 38 43 47 
12 20 31 33 35 38 44 47 
12 20 31 34 35 38 40 47 
12 20 31 34 35 38 43 47 
12 20 31 34 35 38 44 47 
12 20 31 35 38 39 46 47 
12 20 31 35 38 40 46 47 
12 20 31 35 38 43 46 47 
12 20 31 35 38 44 46 47 
12 20 31 35 39 41 46 47 
12 20 32 33 35 38 40 47 
12 20 32 34 35 38 40 47 
12 20 32 35 38 39 46 47 
12 20 32 35 38 40 46 47 
12 20 32 35 39 41 46 47 
12 20 33 35 37 38 40 47 
12 20 33 35 37 38 43 47 
12 20 33 35 37 38 44 47 
12 20 33 35 37 38 45 46 
12 20 33 35 37 38 45 47 
12 20 34 35 37 38 40 47 
12 20 34 35 37 38 43 47 
12 20 34 35 37 38 44 47 
12 20 34 35 37 38 45 46 
12 20 34 35 37 38 45 47 
12 20 35 37 38 39 46 47 
12 20 35 37 38 40 46 47 
12 20 35 37 38 42 46 47 
12 20 35 37 38 43 46 47 
12 20 35 37 38 44 46 47 
12 20 35 37 38 45 46 47 
12 20 35 37 39 41 46 47 
12 20 35 37 41 42 46 47 
16 18 21 29 30 38 40 47 
16 18 21 29 30 38 44 47 
16 18 21 29 30 40 41 47 
16 18 21 29 35 38 40 47 
16 18 21 29 35 38 44 47 
16 18 21 29 35 40 41 47 
16 18 21 30 33 38 40 47 
16 18 21 30 33 38 44 47 
16 18 21 30 33 40 41 47 
16 18 21 30 34 38 40 47 
16 18 21 30 34 38 44 47 
16 18 21 30 34 40 41 47 
16 18 21 30 38 40 46 47 
16 18 21 30 38 44 46 47 
16 18 21 30 40 41 46 47 
16 18 21 33 35 38 40 47 
16 18 21 33 35 38 44 47 
16 18 21 33 35 40 41 47 
16 18 21 34 35 38 40 47 
16 18 21 34 35 38 44 47 
16 18 21 34 35 40 41 47 
16 18 21 35 38 40 46 47 
16 18 21 35 38 44 46 47 
16 18 21 35 40 41 46 47 
16 20 21 30 33 38 40 47 
16 20 21 30 33 38 44 47 
16 20 21 30 33 40 41 47 
16 20 21 30 34 38 40 47 
16 20 21 30 34 38 44 47 
16 20 21 30 34 40 41 47 
16 20 21 33 35 38 40 47 
16 20 21 33 35 38 44 47 
16 20 21 33 35 40 41 47 
16 20 21 34 35 38 40 47 
16 20 21 34 35 38 44 47 
16 20 21 34 35 40 41 47 
17 18 21 29 30 38 40 47 
17 18 21 29 30 38 44 47 
17 18 21 29 30 40 41 47 
17 18 21 29 35 38 40 47 
17 18 21 29 35 38 44 47 
17 18 21 29 35 40 41 47 
17 18 21 30 33 38 40 47 
17 18 21 30 33 38 44 47 
17 18 21 30 33 40 41 47 
17 18 21 30 34 38 40 47 
17 18 21 30 34 38 44 47 
17 18 21 30 34 40 41 47 
17 18 21 30 38 40 46 47 
17 18 21 30 38 44 46 47 
17 18 21 30 40 41 46 47 
17 18 21 33 35 38 40 47 
17 18 21 33 35 38 44 47 
17 18 21 33 35 40 41 47 
17 18 21 34 35 38 40 47 
17 18 21 34 35 38 44 47 
17 18 21 34 35 40 41 47 
17 18 21 35 38 40 46 47 
17 18 21 35 38 44 46 47 
17 18 21 35 40 41 46 47 
17 19 21 30 33 38 40 47 
17 19 21 30 33 38 44 47 
17 19 21 30 33 40 41 47 
17 19 21 30 34 38 40 47 
17 19 21 30 34 38 44 47 
17 19 21 30 34 40 41 47 
17 19 21 33 35 38 40 47 
17 19 21 33 35 38 44 47 
17 19 21 33 35 40 41 47 
17 19 21 34 35 38 40 47 
17 19 21 34 35 38 44 47 
17 19 21 34 35 40 41 47 
17 20 21 30 33 38 40 47 
17 20 21 30 33 38 44 47 
17 20 21 30 33 40 41 47 
17 20 21 30 34 38 40 47 
17 20 21 30 34 38 44 47 
17 20 21 30 34 40 41 47 
17 20 21 33 35 38 40 47 
17 20 21 33 35 38 44 47 
17 20 21 33 35 40 41 47 
17 20 21 34 35 38 40 47 
17 20 21 34 35 38 44 47 
17 20 21 34 35 40 41 47 
