5 18 30 38 40 47 
1.61598e-006
5 18 30 40 41 47 
0.155937
5 18 35 38 40 47 
0.00595925
5 18 35 40 41 47 
0.154785
5 19 30 38 40 47 
0.000308629
5 19 30 40 41 47 
0.155937
5 19 35 38 40 47 
0.00595925
5 19 35 40 41 47 
0.154785
5 20 30 38 40 47 
0.000365553
5 20 30 40 41 47 
0.155937
5 20 35 38 40 47 
0.00595925
5 20 35 40 41 47 
0.154785
16 18 30 38 40 47 
2.08759e-006
16 18 30 38 44 47 
0.382468
16 18 30 40 41 47 
0.165454
16 18 35 38 40 47 
0.00501108
16 18 35 38 44 47 
0.382896
16 18 35 40 41 47 
0.16379
16 19 30 38 40 47 
0.000290259
16 19 30 38 44 47 
0.382468
16 19 30 40 41 47 
0.165454
16 19 35 38 40 47 
0.00501108
16 19 35 38 44 47 
0.382896
16 19 35 40 41 47 
0.16379
16 20 30 38 40 47 
0.000345524
16 20 30 38 44 47 
0.382468
16 20 30 40 41 47 
0.165454
16 20 35 38 40 47 
0.00501108
16 20 35 38 44 47 
0.382896
16 20 35 40 41 47 
0.16379
17 18 30 38 40 47 
0.000241891
17 18 30 38 44 47 
0.382468
17 18 30 40 41 47 
0.165454
17 18 35 38 40 47 
0.00501108
17 18 35 38 44 47 
0.382896
17 18 35 40 41 47 
0.16379
17 19 30 38 40 47 
0.000290259
17 19 30 38 44 47 
0.382468
17 19 30 40 41 47 
0.165454
17 19 35 38 40 47 
0.00501108
17 19 35 38 44 47 
0.382896
17 19 35 40 41 47 
0.16379
17 20 30 38 40 47 
0.000345524
17 20 30 38 44 47 
0.382468
17 20 30 40 41 47 
0.165454
17 20 35 38 40 47 
0.00501108
17 20 35 38 44 47 
0.382896
17 20 35 40 41 47 
0.16379
==========MAX==========48
0
0
0
0
0
0
