1 5 18 30 38 40 47 
3.38413e-006
1 5 18 30 40 41 47 
0.29418
1 5 18 35 38 40 47 
0.00689833
1 5 18 35 40 41 47 
0.298177
1 6 18 30 38 40 47 
1.26895e-005
1 6 18 30 40 41 47 
0.293714
1 6 18 35 38 40 47 
0.00686787
1 6 18 35 40 41 47 
0.297718
1 16 18 30 38 40 47 
4.37243e-006
1 16 18 30 38 44 47 
0.564601
1 16 18 30 40 41 47 
0.339876
1 16 18 35 38 40 47 
0.0056694
1 16 18 35 38 44 47 
0.564576
1 16 18 35 40 41 47 
0.345073
1 17 18 30 38 40 47 
0.000125092
1 17 18 30 38 44 47 
0.563952
1 17 18 30 40 41 47 
0.339423
1 17 18 35 38 40 47 
0.00565417
1 17 18 35 38 44 47 
0.563926
1 17 18 35 40 41 47 
0.344627
2 5 18 30 38 40 47 
4.24511e-006
2 5 18 30 40 41 47 
0.29418
2 5 18 35 38 40 47 
0.00689833
2 5 18 35 40 41 47 
0.298177
2 6 18 30 38 40 47 
1.26895e-005
2 6 18 30 40 41 47 
0.293714
2 6 18 35 38 40 47 
0.00686787
2 6 18 35 40 41 47 
0.297718
2 16 18 30 38 40 47 
4.37243e-006
2 16 18 30 38 44 47 
0.564601
2 16 18 30 40 41 47 
0.339876
2 16 18 35 38 40 47 
0.0056694
2 16 18 35 38 44 47 
0.564576
2 16 18 35 40 41 47 
0.345073
2 17 18 30 38 40 47 
0.000125092
2 17 18 30 38 44 47 
0.563952
2 17 18 30 40 41 47 
0.339423
2 17 18 35 38 40 47 
0.00565417
2 17 18 35 38 44 47 
0.563926
2 17 18 35 40 41 47 
0.344627
3 5 18 30 38 40 47 
8.04869e-006
3 5 18 30 40 41 47 
0.295692
3 5 18 35 38 40 47 
0.00803086
3 5 18 35 40 41 47 
0.299676
3 6 18 30 38 40 47 
1.5685e-005
3 6 18 30 40 41 47 
0.294716
3 6 18 35 38 40 47 
0.00796555
3 6 18 35 40 41 47 
0.298714
3 7 28 30 38 40 47 
1.21158e-005
3 7 28 30 40 41 47 
0.203719
3 7 28 35 38 40 47 
0.00767427
3 7 28 35 40 41 47 
0.208927
3 7 30 32 38 40 47 
0.00241744
3 7 30 32 40 41 47 
0.203719
3 7 32 35 38 40 47 
0.00450992
3 7 32 35 40 41 47 
0.208927
3 8 28 30 38 40 47 
1.46916e-005
3 8 28 30 40 41 47 
0.203719
3 8 28 35 38 40 47 
0.00767427
3 8 28 35 40 41 47 
0.208927
3 8 30 32 38 40 47 
0.00241744
3 8 30 32 40 41 47 
0.203719
3 8 32 35 38 40 47 
0.00450992
3 8 32 35 40 41 47 
0.208927
3 16 18 30 38 40 47 
8.50022e-006
3 16 18 30 38 44 47 
0.569371
3 16 18 30 40 41 47 
0.342297
3 16 18 35 38 40 47 
0.00625591
3 16 18 35 38 44 47 
0.569364
3 16 18 35 40 41 47 
0.347469
3 17 18 30 38 40 47 
0.00017247
3 17 18 30 38 44 47 
0.568294
3 17 18 30 40 41 47 
0.341483
3 17 18 35 38 40 47 
0.00619846
3 17 18 35 38 44 47 
0.568287
3 17 18 35 40 41 47 
0.346667
3 18 26 30 38 40 47 
6.58072e-005
3 18 26 30 38 43 47 
0.550802
3 18 26 30 38 44 47 
0.864359
3 18 26 30 38 45 47 
0.898732
3 18 26 30 40 41 47 
0.23501
3 18 26 30 41 43 47 
0.361452
3 18 26 35 38 40 47 
0.00576486
3 18 26 35 38 43 47 
0.554942
3 18 26 35 38 44 47 
0.863968
3 18 26 35 38 45 47 
0.89791
3 18 26 35 40 41 47 
0.241451
3 18 26 35 41 43 47 
0.366707
3 18 27 30 38 40 47 
0.00239113
3 18 27 30 38 43 47 
0.536205
3 18 27 30 38 44 47 
0.851873
3 18 27 30 38 45 47 
0.900686
3 18 27 30 40 41 47 
0.229822
3 18 27 30 41 43 47 
0.340026
3 18 27 35 38 40 47 
0.00599121
3 18 27 35 38 43 47 
0.539666
3 18 27 35 38 44 47 
0.851486
3 18 27 35 38 45 47 
0.89989
3 18 27 35 40 41 47 
0.236084
3 18 27 35 41 43 47 
0.344557
3 18 28 30 38 40 47 
0.00446384
3 18 28 30 40 41 47 
0.204606
3 18 28 35 38 40 47 
0.00772943
3 18 28 35 40 41 47 
0.209791
3 18 30 31 38 40 47 
0.00270685
3 18 30 31 38 43 47 
0.561007
3 18 30 31 38 44 47 
0.859318
3 18 30 31 40 41 47 
0.224451
3 18 30 31 41 43 47 
0.304109
3 18 30 32 38 40 47 
0.0127578
3 18 30 32 40 41 47 
0.204606
3 18 30 37 38 40 47 
0.0116382
3 18 30 37 38 43 47 
0.490861
3 18 30 37 38 44 47 
0.849742
3 18 30 37 38 45 47 
0.900686
3 18 30 37 40 41 47 
0.214279
3 18 30 37 41 43 47 
0.32947
3 18 31 35 38 40 47 
0.00795042
3 18 31 35 38 43 47 
0.565533
3 18 31 35 38 44 47 
0.858934
3 18 31 35 40 41 47 
0.230621
3 18 31 35 41 43 47 
0.307486
3 18 32 35 38 40 47 
0.0130826
3 18 32 35 40 41 47 
0.209791
3 18 35 37 38 40 47 
0.0154624
3 18 35 37 38 43 47 
0.493904
3 18 35 37 38 44 47 
0.849353
3 18 35 37 38 45 47 
0.89989
3 18 35 37 40 41 47 
0.219533
3 18 35 37 41 43 47 
0.335155
3 20 27 30 38 40 47 
0.000113239
3 20 27 30 38 43 47 
0.535401
3 20 27 30 38 44 47 
0.8391
3 20 27 30 38 45 47 
0.892163
3 20 27 30 40 41 47 
0.229156
3 20 27 30 41 43 47 
0.33927
3 20 27 35 38 40 47 
0.00596775
3 20 27 35 38 43 47 
0.538867
3 20 27 35 38 44 47 
0.838707
3 20 27 35 38 45 47 
0.891359
3 20 27 35 40 41 47 
0.235436
3 20 27 35 41 43 47 
0.343811
3 20 28 30 38 40 47 
0.00442558
3 20 28 30 40 41 47 
0.204075
3 20 28 35 38 40 47 
0.00769868
3 20 28 35 40 41 47 
0.209274
3 20 30 31 38 40 47 
0.0026876
3 20 30 31 38 43 47 
0.560119
3 20 30 31 38 44 47 
0.844117
3 20 30 31 40 41 47 
0.223779
3 20 30 31 41 43 47 
0.303127
3 20 30 32 38 40 47 
0.0125763
3 20 30 32 40 41 47 
0.204075
3 20 30 37 38 40 47 
0.0114899
3 20 30 37 38 43 47 
0.490031
3 20 30 37 38 44 47 
0.837645
3 20 30 37 38 45 47 
0.88954
3 20 30 37 40 41 47 
0.213598
3 20 30 37 41 43 47 
0.328731
3 20 31 35 38 40 47 
0.0079192
3 20 31 35 38 43 47 
0.564652
3 20 31 35 38 44 47 
0.843726
3 20 31 35 40 41 47 
0.229967
3 20 31 35 41 43 47 
0.306515
3 20 32 35 38 40 47 
0.0130295
3 20 32 35 40 41 47 
0.209274
3 20 35 37 38 40 47 
0.0153684
3 20 35 37 38 43 47 
0.493079
3 20 35 37 38 44 47 
0.837251
3 20 35 37 38 45 47 
0.888735
3 20 35 37 40 41 47 
0.218869
3 20 35 37 41 43 47 
0.334428
4 5 18 30 38 40 47 
1.74698e-005
4 5 18 30 40 41 47 
0.295692
4 5 18 35 38 40 47 
0.00803086
4 5 18 35 40 41 47 
0.299676
4 6 18 30 38 40 47 
1.5685e-005
4 6 18 30 40 41 47 
0.294716
4 6 18 35 38 40 47 
0.00796555
4 6 18 35 40 41 47 
0.298714
4 7 28 30 38 40 47 
1.21158e-005
4 7 28 30 40 41 47 
0.203719
4 7 28 35 38 40 47 
0.00767427
4 7 28 35 40 41 47 
0.208927
4 7 30 32 38 40 47 
0.00241744
4 7 30 32 40 41 47 
0.203719
4 7 32 35 38 40 47 
0.00450992
4 7 32 35 40 41 47 
0.208927
4 8 28 30 38 40 47 
1.46916e-005
4 8 28 30 40 41 47 
0.203719
4 8 28 35 38 40 47 
0.00767427
4 8 28 35 40 41 47 
0.208927
4 8 30 32 38 40 47 
0.00241744
4 8 30 32 40 41 47 
0.203719
4 8 32 35 38 40 47 
0.00450992
4 8 32 35 40 41 47 
0.208927
4 16 18 30 38 40 47 
8.50022e-006
4 16 18 30 38 44 47 
0.569371
4 16 18 30 40 41 47 
0.342297
4 16 18 35 38 40 47 
0.00625591
4 16 18 35 38 44 47 
0.569364
4 16 18 35 40 41 47 
0.347469
4 17 18 30 38 40 47 
0.00017247
4 17 18 30 38 44 47 
0.568294
4 17 18 30 40 41 47 
0.341483
4 17 18 35 38 40 47 
0.00619846
4 17 18 35 38 44 47 
0.568287
4 17 18 35 40 41 47 
0.346667
4 18 26 30 38 40 47 
6.58072e-005
4 18 26 30 38 43 47 
0.550802
4 18 26 30 38 44 47 
0.864359
4 18 26 30 38 45 47 
0.898732
4 18 26 30 40 41 47 
0.23501
4 18 26 30 41 43 47 
0.361452
4 18 26 35 38 40 47 
0.00576486
4 18 26 35 38 43 47 
0.554942
4 18 26 35 38 44 47 
0.863968
4 18 26 35 38 45 47 
0.89791
4 18 26 35 40 41 47 
0.241451
4 18 26 35 41 43 47 
0.366707
4 18 27 30 38 40 47 
0.00239113
4 18 27 30 38 43 47 
0.536205
4 18 27 30 38 44 47 
0.851873
4 18 27 30 38 45 47 
0.900686
4 18 27 30 40 41 47 
0.229822
4 18 27 30 41 43 47 
0.340026
4 18 27 35 38 40 47 
0.00599121
4 18 27 35 38 43 47 
0.539666
4 18 27 35 38 44 47 
0.851486
4 18 27 35 38 45 47 
0.89989
4 18 27 35 40 41 47 
0.236084
4 18 27 35 41 43 47 
0.344557
4 18 28 30 38 40 47 
0.00446384
4 18 28 30 40 41 47 
0.204606
4 18 28 35 38 40 47 
0.00772943
4 18 28 35 40 41 47 
0.209791
4 18 30 31 38 40 47 
0.00270685
4 18 30 31 38 43 47 
0.561007
4 18 30 31 38 44 47 
0.859318
4 18 30 31 40 41 47 
0.224451
4 18 30 31 41 43 47 
0.304109
4 18 30 32 38 40 47 
0.0127578
4 18 30 32 40 41 47 
0.204606
4 18 30 37 38 40 47 
0.0116382
4 18 30 37 38 43 47 
0.490861
4 18 30 37 38 44 47 
0.849742
4 18 30 37 38 45 47 
0.900686
4 18 30 37 40 41 47 
0.214279
4 18 30 37 41 43 47 
0.32947
4 18 31 35 38 40 47 
0.00795042
4 18 31 35 38 43 47 
0.565533
4 18 31 35 38 44 47 
0.858934
4 18 31 35 40 41 47 
0.230621
4 18 31 35 41 43 47 
0.307486
4 18 32 35 38 40 47 
0.0130826
4 18 32 35 40 41 47 
0.209791
4 18 35 37 38 40 47 
0.0154624
4 18 35 37 38 43 47 
0.493904
4 18 35 37 38 44 47 
0.849353
4 18 35 37 38 45 47 
0.89989
4 18 35 37 40 41 47 
0.219533
4 18 35 37 41 43 47 
0.335155
4 20 27 30 38 40 47 
0.000113239
4 20 27 30 38 43 47 
0.535401
4 20 27 30 38 44 47 
0.8391
4 20 27 30 38 45 47 
0.892163
4 20 27 30 40 41 47 
0.229156
4 20 27 30 41 43 47 
0.33927
4 20 27 35 38 40 47 
0.00596775
4 20 27 35 38 43 47 
0.538867
4 20 27 35 38 44 47 
0.838707
4 20 27 35 38 45 47 
0.891359
4 20 27 35 40 41 47 
0.235436
4 20 27 35 41 43 47 
0.343811
4 20 28 30 38 40 47 
0.00442558
4 20 28 30 40 41 47 
0.204075
4 20 28 35 38 40 47 
0.00769868
4 20 28 35 40 41 47 
0.209274
4 20 30 31 38 40 47 
0.0026876
4 20 30 31 38 43 47 
0.560119
4 20 30 31 38 44 47 
0.844117
4 20 30 31 40 41 47 
0.223779
4 20 30 31 41 43 47 
0.303127
4 20 30 32 38 40 47 
0.0125763
4 20 30 32 40 41 47 
0.204075
4 20 30 37 38 40 47 
0.0114899
4 20 30 37 38 43 47 
0.490031
4 20 30 37 38 44 47 
0.837645
4 20 30 37 38 45 47 
0.88954
4 20 30 37 40 41 47 
0.213598
4 20 30 37 41 43 47 
0.328731
4 20 31 35 38 40 47 
0.0079192
4 20 31 35 38 43 47 
0.564652
4 20 31 35 38 44 47 
0.843726
4 20 31 35 40 41 47 
0.229967
4 20 31 35 41 43 47 
0.306515
4 20 32 35 38 40 47 
0.0130295
4 20 32 35 40 41 47 
0.209274
4 20 35 37 38 40 47 
0.0153684
4 20 35 37 38 43 47 
0.493079
4 20 35 37 38 44 47 
0.837251
4 20 35 37 38 45 47 
0.888735
4 20 35 37 40 41 47 
0.218869
4 20 35 37 41 43 47 
0.334428
5 10 18 30 38 40 47 
4.26789e-006
5 10 18 30 40 41 47 
0.294292
5 10 18 35 38 40 47 
0.0034106
5 10 18 35 40 41 47 
0.298282
5 11 18 30 38 40 47 
3.91419e-005
5 11 18 30 40 41 47 
0.294292
5 11 18 35 38 40 47 
0.0034106
5 11 18 35 40 41 47 
0.298282
5 12 18 30 38 40 47 
5.4459e-005
5 12 18 30 40 41 47 
0.294773
5 12 18 35 38 40 47 
0.00699078
5 12 18 35 40 41 47 
0.29876
5 13 18 30 38 40 47 
8.64094e-005
5 13 18 30 40 41 47 
0.295409
5 13 18 35 38 40 47 
0.00807572
5 13 18 35 40 41 47 
0.299397
5 14 18 30 38 40 47 
0.000106621
5 14 18 30 38 44 47 
0.568432
5 14 18 30 40 41 47 
0.342039
5 14 18 35 38 40 47 
0.00631711
5 14 18 35 38 44 47 
0.568425
5 14 18 35 40 41 47 
0.347214
5 15 18 30 38 40 47 
0.000120562
5 15 18 30 38 44 47 
0.56869
5 15 18 30 40 41 47 
0.342093
5 15 18 35 38 40 47 
0.00627303
5 15 18 35 38 44 47 
0.568684
5 15 18 35 40 41 47 
0.347268
5 18 21 30 38 40 47 
7.67333e-005
5 18 21 30 40 41 47 
0.296704
5 18 21 35 38 40 47 
0.00342212
5 18 21 35 40 41 47 
0.300775
5 18 22 30 38 40 47 
0.000818656
5 18 22 30 40 41 47 
0.297924
5 18 22 35 38 40 47 
0.00824454
5 18 22 35 40 41 47 
0.301992
6 10 18 30 38 40 47 
4.31706e-006
6 10 18 30 40 41 47 
0.293826
6 10 18 35 38 40 47 
0.00334856
6 10 18 35 40 41 47 
0.297822
6 11 18 30 38 40 47 
2.9907e-005
6 11 18 30 40 41 47 
0.293826
6 11 18 35 38 40 47 
0.00334856
6 11 18 35 40 41 47 
0.297822
6 12 18 30 38 40 47 
4.07333e-005
6 12 18 30 40 41 47 
0.293794
6 12 18 35 38 40 47 
0.00691502
6 12 18 35 40 41 47 
0.297795
6 13 18 30 38 40 47 
6.32853e-005
6 13 18 30 40 41 47 
0.294432
6 13 18 35 38 40 47 
0.00801076
6 13 18 35 40 41 47 
0.298434
6 14 18 30 38 40 47 
8.17169e-005
6 14 18 30 38 44 47 
0.563649
6 14 18 30 40 41 47 
0.340161
6 14 18 35 38 40 47 
0.00623373
6 14 18 35 38 44 47 
0.563642
6 14 18 35 40 41 47 
0.345364
6 15 18 30 38 40 47 
9.19076e-005
6 15 18 30 38 44 47 
0.563909
6 15 18 30 40 41 47 
0.340215
6 15 18 35 38 40 47 
0.00618906
6 15 18 35 38 44 47 
0.563903
6 15 18 35 40 41 47 
0.345418
6 18 21 30 38 40 47 
6.18178e-005
6 18 21 30 40 41 47 
0.296242
6 18 21 35 38 40 47 
0.00336029
6 18 21 35 40 41 47 
0.300319
6 18 22 30 38 40 47 
0.000810652
6 18 22 30 40 41 47 
0.297464
6 18 22 35 38 40 47 
0.00821959
6 18 22 35 40 41 47 
0.301538
7 12 28 30 38 40 47 
4.62791e-006
7 12 28 30 40 41 47 
0.203138
7 12 28 35 38 40 47 
0.00664669
7 12 28 35 40 41 47 
0.208342
7 12 30 32 38 40 47 
0.00231351
7 12 30 32 40 41 47 
0.203138
7 12 32 35 38 40 47 
0.00420738
7 12 32 35 40 41 47 
0.208342
7 13 28 30 38 40 47 
3.7221e-005
7 13 28 30 40 41 47 
0.20355
7 13 28 35 38 40 47 
0.00771608
7 13 28 35 40 41 47 
0.208761
7 13 30 32 38 40 47 
0.00242709
7 13 30 32 40 41 47 
0.20355
7 13 32 35 38 40 47 
0.00452732
7 13 32 35 40 41 47 
0.208761
7 14 28 30 38 40 47 
4.31349e-005
7 14 28 30 38 43 47 
0.572223
7 14 28 30 38 44 47 
0.823808
7 14 28 30 40 41 47 
0.222097
7 14 28 30 41 43 47 
0.299964
7 14 28 35 38 40 47 
0.00605515
7 14 28 35 38 43 47 
0.572215
7 14 28 35 38 44 47 
0.823391
7 14 28 35 40 41 47 
0.228329
7 14 28 35 41 43 47 
0.303387
7 14 30 32 38 40 47 
0.0021393
7 14 30 32 38 43 47 
0.572223
7 14 30 32 38 44 47 
0.823808
7 14 30 32 40 41 47 
0.222097
7 14 30 32 41 43 47 
0.299964
7 14 32 35 38 40 47 
0.00415087
7 14 32 35 38 43 47 
0.572215
7 14 32 35 38 44 47 
0.823391
7 14 32 35 40 41 47 
0.228329
7 14 32 35 41 43 47 
0.303387
7 15 28 30 38 40 47 
5.06272e-005
7 15 28 30 38 43 47 
0.556119
7 15 28 30 38 44 47 
0.827916
7 15 28 30 40 41 47 
0.222229
7 15 28 30 41 43 47 
0.300313
7 15 28 35 38 40 47 
0.00601786
7 15 28 35 38 43 47 
0.560685
7 15 28 35 38 44 47 
0.827517
7 15 28 35 40 41 47 
0.228458
7 15 28 35 41 43 47 
0.303733
7 15 30 32 38 40 47 
0.0021297
7 15 30 32 38 43 47 
0.556119
7 15 30 32 38 44 47 
0.827916
7 15 30 32 40 41 47 
0.222229
7 15 30 32 41 43 47 
0.300313
7 15 32 35 38 40 47 
0.00413228
7 15 32 35 38 43 47 
0.560685
7 15 32 35 38 44 47 
0.827517
7 15 32 35 40 41 47 
0.228458
7 15 32 35 41 43 47 
0.303733
8 12 28 30 38 40 47 
5.45273e-006
8 12 28 30 40 41 47 
0.203138
8 12 28 35 38 40 47 
0.00664669
8 12 28 35 40 41 47 
0.208342
8 12 30 32 38 40 47 
0.00231351
8 12 30 32 40 41 47 
0.203138
8 12 32 35 38 40 47 
0.00420738
8 12 32 35 40 41 47 
0.208342
8 13 28 30 38 40 47 
3.7221e-005
8 13 28 30 40 41 47 
0.20355
8 13 28 35 38 40 47 
0.00771608
8 13 28 35 40 41 47 
0.208761
8 13 30 32 38 40 47 
0.00242709
8 13 30 32 40 41 47 
0.20355
8 13 32 35 38 40 47 
0.00452732
8 13 32 35 40 41 47 
0.208761
8 14 28 30 38 40 47 
4.31349e-005
8 14 28 30 38 43 47 
0.572223
8 14 28 30 38 44 47 
0.823808
8 14 28 30 40 41 47 
0.222097
8 14 28 30 41 43 47 
0.299964
8 14 28 35 38 40 47 
0.00605515
8 14 28 35 38 43 47 
0.572215
8 14 28 35 38 44 47 
0.823391
8 14 28 35 40 41 47 
0.228329
8 14 28 35 41 43 47 
0.303387
8 14 30 32 38 40 47 
0.0021393
8 14 30 32 38 43 47 
0.572223
8 14 30 32 38 44 47 
0.823808
8 14 30 32 40 41 47 
0.222097
8 14 30 32 41 43 47 
0.299964
8 14 32 35 38 40 47 
0.00415087
8 14 32 35 38 43 47 
0.572215
8 14 32 35 38 44 47 
0.823391
8 14 32 35 40 41 47 
0.228329
8 14 32 35 41 43 47 
0.303387
8 15 28 30 38 40 47 
5.06272e-005
8 15 28 30 38 43 47 
0.556119
8 15 28 30 38 44 47 
0.827916
8 15 28 30 40 41 47 
0.222229
8 15 28 30 41 43 47 
0.300313
8 15 28 35 38 40 47 
0.00601786
8 15 28 35 38 43 47 
0.560685
8 15 28 35 38 44 47 
0.827517
8 15 28 35 40 41 47 
0.228458
8 15 28 35 41 43 47 
0.303733
8 15 30 32 38 40 47 
0.0021297
8 15 30 32 38 43 47 
0.556119
8 15 30 32 38 44 47 
0.827916
8 15 30 32 40 41 47 
0.222229
8 15 30 32 41 43 47 
0.300313
8 15 32 35 38 40 47 
0.00413228
8 15 32 35 38 43 47 
0.560685
8 15 32 35 38 44 47 
0.827517
8 15 32 35 40 41 47 
0.228458
8 15 32 35 41 43 47 
0.303733
10 16 18 30 38 40 47 
4.84676e-006
10 16 18 30 38 44 47 
0.564868
10 16 18 30 40 41 47 
0.340137
10 16 18 35 38 40 47 
0.0029315
10 16 18 35 38 44 47 
0.564826
10 16 18 35 40 41 47 
0.345318
10 17 18 30 38 40 47 
0.000101882
10 17 18 30 38 44 47 
0.564219
10 17 18 30 40 41 47 
0.339685
10 17 18 35 38 40 47 
0.00290194
10 17 18 35 38 44 47 
0.564177
10 17 18 35 40 41 47 
0.344872
11 16 18 30 38 40 47 
1.24698e-005
11 16 18 30 38 44 47 
0.564868
11 16 18 30 40 41 47 
0.340137
11 16 18 35 38 40 47 
0.0029315
11 16 18 35 38 44 47 
0.564826
11 16 18 35 40 41 47 
0.345318
11 17 18 30 38 40 47 
0.000101882
11 17 18 30 38 44 47 
0.564219
11 17 18 30 40 41 47 
0.339685
11 17 18 35 38 40 47 
0.00290194
11 17 18 35 38 44 47 
0.564177
11 17 18 35 40 41 47 
0.344872
12 16 18 30 38 40 47 
2.02781e-005
12 16 18 30 38 44 47 
0.564217
12 16 18 30 40 41 47 
0.340318
12 16 18 35 38 40 47 
0.0057285
12 16 18 35 38 44 47 
0.56419
12 16 18 35 40 41 47 
0.345505
12 17 18 30 38 40 47 
0.000126923
12 17 18 30 38 44 47 
0.563131
12 17 18 30 40 41 47 
0.339499
12 17 18 35 38 40 47 
0.00569814
12 17 18 35 38 44 47 
0.563103
12 17 18 35 40 41 47 
0.344698
12 18 26 30 38 40 47 
4.75656e-005
12 18 26 30 38 43 47 
0.571189
12 18 26 30 38 44 47 
0.841442
12 18 26 30 38 45 47 
0.921627
12 18 26 30 40 41 47 
0.233191
12 18 26 30 41 43 47 
0.358722
12 18 26 35 38 40 47 
0.00529277
12 18 26 35 38 43 47 
0.571165
12 18 26 35 38 44 47 
0.840375
12 18 26 35 38 45 47 
0.919797
12 18 26 35 40 41 47 
0.239657
12 18 26 35 41 43 47 
0.364005
12 18 27 30 38 40 47 
0.00225122
12 18 27 30 38 43 47 
0.558082
12 18 27 30 38 44 47 
0.828096
12 18 27 30 38 45 47 
0.922749
12 18 27 30 40 41 47 
0.227938
12 18 27 30 41 43 47 
0.337083
12 18 27 35 38 40 47 
0.00550278
12 18 27 35 38 43 47 
0.562882
12 18 27 35 38 44 47 
0.827045
12 18 27 35 38 45 47 
0.920992
12 18 27 35 40 41 47 
0.234226
12 18 27 35 41 43 47 
0.341642
12 18 28 30 38 40 47 
0.00416324
12 18 28 30 40 41 47 
0.204028
12 18 28 35 38 40 47 
0.00672323
12 18 28 35 40 41 47 
0.209209
12 18 30 31 38 40 47 
0.00257872
12 18 30 31 38 43 47 
0.573674
12 18 30 31 38 44 47 
0.835753
12 18 30 31 40 41 47 
0.222792
12 18 30 31 41 43 47 
0.300814
12 18 30 32 38 40 47 
0.0126423
12 18 30 32 40 41 47 
0.204028
12 18 30 37 38 40 47 
0.0117277
12 18 30 37 38 43 47 
0.499761
12 18 30 37 38 44 47 
0.825903
12 18 30 37 38 45 47 
0.922749
12 18 30 37 40 41 47 
0.212252
12 18 30 37 41 43 47 
0.326432
12 18 31 35 38 40 47 
0.00733203
12 18 31 35 38 43 47 
0.57365
12 18 31 35 38 44 47 
0.834712
12 18 31 35 40 41 47 
0.228986
12 18 31 35 41 43 47 
0.304215
12 18 32 35 38 40 47 
0.0113712
12 18 32 35 40 41 47 
0.209209
12 18 35 37 38 40 47 
0.0139528
12 18 35 37 38 43 47 
0.503706
12 18 35 37 38 44 47 
0.82485
12 18 35 37 38 45 47 
0.920992
12 18 35 37 40 41 47 
0.217529
12 18 35 37 41 43 47 
0.332155
12 20 27 30 38 40 47 
8.16963e-005
12 20 27 30 38 43 47 
0.55731
12 20 27 30 38 44 47 
0.81495
12 20 27 30 38 45 47 
0.914431
12 20 27 30 40 41 47 
0.227266
12 20 27 30 41 43 47 
0.33632
12 20 27 35 38 40 47 
0.0054701
12 20 27 35 38 43 47 
0.562116
12 20 27 35 38 44 47 
0.813883
12 20 27 35 38 45 47 
0.912658
12 20 27 35 40 41 47 
0.233572
12 20 27 35 41 43 47 
0.340889
12 20 28 30 38 40 47 
0.00411238
12 20 28 30 40 41 47 
0.203496
12 20 28 35 38 40 47 
0.0066793
12 20 28 35 40 41 47 
0.208691
12 20 30 31 38 40 47 
0.00255444
12 20 30 31 38 43 47 
0.572806
12 20 30 31 38 44 47 
0.820115
12 20 30 31 40 41 47 
0.222115
12 20 30 31 41 43 47 
0.299822
12 20 30 32 38 40 47 
0.0124534
12 20 30 32 40 41 47 
0.203496
12 20 30 37 38 40 47 
0.0115763
12 20 30 37 38 43 47 
0.498945
12 20 30 37 38 44 47 
0.813452
12 20 30 37 38 45 47 
0.911873
12 20 30 37 40 41 47 
0.211565
12 20 30 37 41 43 47 
0.325686
12 20 31 35 38 40 47 
0.00729071
12 20 31 35 38 43 47 
0.572782
12 20 31 35 38 44 47 
0.819055
12 20 31 35 40 41 47 
0.228327
12 20 31 35 41 43 47 
0.303234
12 20 32 35 38 40 47 
0.0113124
12 20 32 35 40 41 47 
0.208691
12 20 35 37 38 40 47 
0.0138835
12 20 35 37 38 43 47 
0.502897
12 20 35 37 38 44 47 
0.812383
12 20 35 37 38 45 47 
0.910095
12 20 35 37 40 41 47 
0.216858
12 20 35 37 41 43 47 
0.331422
13 16 18 30 38 40 47 
4.91341e-005
13 16 18 30 38 44 47 
0.567835
13 16 18 30 40 41 47 
0.341722
13 16 18 35 38 40 47 
0.00629849
13 16 18 35 38 44 47 
0.567828
13 16 18 35 40 41 47 
0.346902
13 17 18 30 38 40 47 
0.000173939
13 17 18 30 38 44 47 
0.566755
13 17 18 30 40 41 47 
0.340907
13 17 18 35 38 40 47 
0.00624143
13 17 18 35 38 44 47 
0.566748
13 17 18 35 40 41 47 
0.346099
13 18 26 30 38 40 47 
6.62041e-005
13 18 26 30 38 43 47 
0.573806
13 18 26 30 38 44 47 
0.864878
13 18 26 30 38 45 47 
0.899462
13 18 26 30 40 41 47 
0.234477
13 18 26 30 41 43 47 
0.360628
13 18 26 35 38 40 47 
0.00580028
13 18 26 35 38 43 47 
0.573799
13 18 26 35 38 44 47 
0.864472
13 18 26 35 38 45 47 
0.898612
13 18 26 35 40 41 47 
0.24093
13 18 26 35 41 43 47 
0.365895
13 18 27 30 38 40 47 
0.00240433
13 18 27 30 38 43 47 
0.560792
13 18 27 30 38 44 47 
0.852388
13 18 27 30 38 45 47 
0.901392
13 18 27 30 40 41 47 
0.229267
13 18 27 30 41 43 47 
0.339147
13 18 27 35 38 40 47 
0.00602747
13 18 27 35 38 43 47 
0.565584
13 18 27 35 38 44 47 
0.851985
13 18 27 35 38 45 47 
0.900569
13 18 27 35 40 41 47 
0.235543
13 18 27 35 41 43 47 
0.343689
13 18 28 30 38 40 47 
0.00448183
13 18 28 30 40 41 47 
0.204437
13 18 28 35 38 40 47 
0.00777138
13 18 28 35 40 41 47 
0.209626
13 18 30 31 38 40 47 
0.00271871
13 18 30 31 38 43 47 
0.576257
13 18 30 31 38 44 47 
0.859829
13 18 30 31 40 41 47 
0.224021
13 18 30 31 41 43 47 
0.303126
13 18 30 32 38 40 47 
0.0127427
13 18 30 32 40 41 47 
0.204437
13 18 30 37 38 40 47 
0.0116659
13 18 30 37 38 43 47 
0.502785
13 18 30 37 38 44 47 
0.850258
13 18 30 37 38 45 47 
0.901392
13 18 30 37 40 41 47 
0.21368
13 18 30 37 41 43 47 
0.328563
13 18 31 35 38 40 47 
0.00799732
13 18 31 35 38 43 47 
0.57625
13 18 31 35 38 44 47 
0.859429
13 18 31 35 40 41 47 
0.230201
13 18 31 35 41 43 47 
0.306514
13 18 32 35 38 40 47 
0.0131388
13 18 32 35 40 41 47 
0.209626
13 18 35 37 38 40 47 
0.0155016
13 18 35 37 38 43 47 
0.506747
13 18 35 37 38 44 47 
0.849854
13 18 35 37 38 45 47 
0.900569
13 18 35 37 40 41 47 
0.218948
13 18 35 37 41 43 47 
0.334263
13 20 27 30 38 40 47 
0.00011383
13 20 27 30 38 43 47 
0.560023
13 20 27 30 38 44 47 
0.839623
13 20 27 30 38 45 47 
0.892875
13 20 27 30 40 41 47 
0.228599
13 20 27 30 41 43 47 
0.338389
13 20 27 35 38 40 47 
0.0060038
13 20 27 35 38 43 47 
0.564822
13 20 27 35 38 44 47 
0.839214
13 20 27 35 38 45 47 
0.892045
13 20 27 35 40 41 47 
0.234892
13 20 27 35 41 43 47 
0.342941
13 20 28 30 38 40 47 
0.00444334
13 20 28 30 40 41 47 
0.203906
13 20 28 35 38 40 47 
0.0077404
13 20 28 35 40 41 47 
0.209108
13 20 30 31 38 40 47 
0.00269915
13 20 30 31 38 43 47 
0.575393
13 20 30 31 38 44 47 
0.844637
13 20 30 31 40 41 47 
0.223348
13 20 30 31 41 43 47 
0.302141
13 20 30 32 38 40 47 
0.0125598
13 20 30 32 40 41 47 
0.203906
13 20 30 37 38 40 47 
0.011516
13 20 30 37 38 43 47 
0.501974
13 20 30 37 38 44 47 
0.838169
13 20 30 37 38 45 47 
0.890255
13 20 30 37 40 41 47 
0.212997
13 20 30 37 41 43 47 
0.327822
13 20 31 35 38 40 47 
0.00796554
13 20 31 35 38 43 47 
0.575385
13 20 31 35 38 44 47 
0.84423
13 20 31 35 40 41 47 
0.229545
13 20 31 35 41 43 47 
0.305539
13 20 32 35 38 40 47 
0.0130849
13 20 32 35 40 41 47 
0.209108
13 20 35 37 38 40 47 
0.0154063
13 20 35 37 38 43 47 
0.505942
13 20 35 37 38 44 47 
0.837759
13 20 35 37 38 45 47 
0.889422
13 20 35 37 40 41 47 
0.218281
13 20 35 37 41 43 47 
0.333534
14 16 18 30 38 40 47 
8.48653e-005
14 16 18 30 38 44 47 
0.565963
14 16 18 30 40 41 47 
0.372708
14 16 18 35 38 40 47 
0.00640049
14 16 18 35 38 44 47 
0.565956
14 16 18 35 40 41 47 
0.378666
14 17 18 30 38 40 47 
0.000176941
14 17 18 30 38 44 47 
0.563854
14 17 18 30 40 41 47 
0.37173
14 17 18 35 38 40 47 
0.0063354
14 17 18 35 38 44 47 
0.563847
14 17 18 35 40 41 47 
0.377704
14 18 26 30 38 40 47 
6.51274e-005
14 18 26 30 38 43 47 
0.574095
14 18 26 30 38 44 47 
0.863936
14 18 26 30 38 45 47 
0.899462
14 18 26 30 40 41 47 
0.24856
14 18 26 30 41 43 47 
0.371492
14 18 26 35 38 40 47 
0.00589964
14 18 26 35 38 43 47 
0.574088
14 18 26 35 38 44 47 
0.863529
14 18 26 35 38 45 47 
0.898612
14 18 26 35 40 41 47 
0.255617
14 18 26 35 41 43 47 
0.376895
14 18 27 30 38 40 47 
0.00245573
14 18 27 30 38 43 47 
0.560062
14 18 27 30 38 44 47 
0.86482
14 18 27 30 38 45 47 
0.901392
14 18 27 30 40 41 47 
0.242078
14 18 27 30 41 43 47 
0.349145
14 18 27 35 38 40 47 
0.0061312
14 18 27 35 38 43 47 
0.56486
14 18 27 35 38 44 47 
0.864422
14 18 27 35 38 45 47 
0.900569
14 18 27 35 40 41 47 
0.24895
14 18 27 35 41 43 47 
0.353825
14 18 28 30 38 40 47 
0.00342449
14 18 28 30 38 43 47 
0.575363
14 18 28 30 38 44 47 
0.843342
14 18 28 30 40 41 47 
0.223372
14 18 28 30 41 43 47 
0.302366
14 18 28 35 38 40 47 
0.00611548
14 18 28 35 38 43 47 
0.575356
14 18 28 35 38 44 47 
0.842935
14 18 28 35 40 41 47 
0.229569
14 18 28 35 41 43 47 
0.305762
14 18 30 31 38 40 47 
0.00252549
14 18 30 31 38 43 47 
0.575864
14 18 30 31 38 44 47 
0.86482
14 18 30 31 40 41 47 
0.236062
14 18 30 31 41 43 47 
0.312074
14 18 30 32 38 40 47 
0.0100938
14 18 30 32 38 43 47 
0.575363
14 18 30 32 38 44 47 
0.843342
14 18 30 32 40 41 47 
0.223372
14 18 30 32 41 43 47 
0.302366
14 18 30 37 38 40 47 
0.0115124
14 18 30 37 38 43 47 
0.501845
14 18 30 37 38 44 47 
0.86482
14 18 30 37 38 45 47 
0.901392
14 18 30 37 40 41 47 
0.22486
14 18 30 37 41 43 47 
0.337652
14 18 31 35 38 40 47 
0.00816148
14 18 31 35 38 43 47 
0.575857
14 18 31 35 38 44 47 
0.864422
14 18 31 35 40 41 47 
0.242829
14 18 31 35 41 43 47 
0.315583
14 18 32 35 38 40 47 
0.0109585
14 18 32 35 38 43 47 
0.575356
14 18 32 35 38 44 47 
0.842935
14 18 32 35 40 41 47 
0.229569
14 18 32 35 41 43 47 
0.305762
14 18 35 37 38 40 47 
0.0148234
14 18 35 37 38 43 47 
0.505814
14 18 35 37 38 44 47 
0.864422
14 18 35 37 38 45 47 
0.900569
14 18 35 37 40 41 47 
0.23062
14 18 35 37 41 43 47 
0.343515
14 20 27 30 38 40 47 
0.000111233
14 20 27 30 38 43 47 
0.558601
14 20 27 30 38 44 47 
0.849079
14 20 27 30 38 45 47 
0.904475
14 20 27 30 40 41 47 
0.241283
14 20 27 30 41 43 47 
0.348044
14 20 27 35 38 40 47 
0.00610473
14 20 27 35 38 43 47 
0.563412
14 20 27 35 38 44 47 
0.848674
14 20 27 35 38 45 47 
0.903655
14 20 27 35 40 41 47 
0.248176
14 20 27 35 41 43 47 
0.352739
14 20 28 30 38 40 47 
0.00338649
14 20 28 30 38 43 47 
0.573381
14 20 28 30 38 44 47 
0.844575
14 20 28 30 40 41 47 
0.222569
14 20 28 30 41 43 47 
0.300849
14 20 28 35 38 40 47 
0.00608367
14 20 28 35 38 43 47 
0.573373
14 20 28 35 38 44 47 
0.844169
14 20 28 35 40 41 47 
0.228788
14 20 28 35 41 43 47 
0.304262
14 20 30 31 38 40 47 
0.00250638
14 20 30 31 38 43 47 
0.574182
14 20 30 31 38 44 47 
0.857756
14 20 30 31 40 41 47 
0.23523
14 20 30 31 41 43 47 
0.310618
14 20 30 32 38 40 47 
0.00993392
14 20 30 32 38 43 47 
0.573381
14 20 30 32 38 44 47 
0.844575
14 20 30 32 40 41 47 
0.222569
14 20 30 32 41 43 47 
0.300849
14 20 30 37 38 40 47 
0.0113246
14 20 30 37 38 43 47 
0.500318
14 20 30 37 38 44 47 
0.846607
14 20 30 37 38 45 47 
0.904475
14 20 30 37 40 41 47 
0.224046
14 20 30 37 41 43 47 
0.336579
14 20 31 35 38 40 47 
0.00812604
14 20 31 35 38 43 47 
0.574175
14 20 31 35 38 44 47 
0.857356
14 20 31 35 40 41 47 
0.24202
14 20 31 35 41 43 47 
0.314144
14 20 32 35 38 40 47 
0.0109142
14 20 32 35 38 43 47 
0.573373
14 20 32 35 38 44 47 
0.844169
14 20 32 35 40 41 47 
0.228788
14 20 32 35 41 43 47 
0.304262
14 20 35 37 38 40 47 
0.0147059
14 20 35 37 38 43 47 
0.504299
14 20 35 37 38 44 47 
0.846201
14 20 35 37 38 45 47 
0.903655
14 20 35 37 40 41 47 
0.229828
14 20 35 37 41 43 47 
0.342461
15 16 18 30 38 40 47 
0.000217734
15 16 18 30 38 44 47 
0.566543
15 16 18 30 40 41 47 
0.372637
15 16 18 35 38 40 47 
0.00635435
15 16 18 35 38 44 47 
0.566536
15 16 18 35 40 41 47 
0.378597
15 17 18 30 38 40 47 
0.00017542
15 17 18 30 38 44 47 
0.564437
15 17 18 30 40 41 47 
0.371659
15 17 18 35 38 40 47 
0.00628877
15 17 18 35 38 44 47 
0.56443
15 17 18 35 40 41 47 
0.377635
15 18 26 30 38 40 47 
6.47149e-005
15 18 26 30 38 43 47 
0.550573
15 18 26 30 38 44 47 
0.87133
15 18 26 30 38 45 47 
0.898732
15 18 26 30 40 41 47 
0.248805
15 18 26 30 41 43 47 
0.371918
15 18 26 35 38 40 47 
0.00586226
15 18 26 35 38 43 47 
0.554714
15 18 26 35 38 44 47 
0.870942
15 18 26 35 38 45 47 
0.89791
15 18 26 35 40 41 47 
0.255857
15 18 26 35 41 43 47 
0.377315
15 18 27 30 38 40 47 
0.00244118
15 18 27 30 38 43 47 
0.534896
15 18 27 30 38 44 47 
0.872218
15 18 27 30 38 45 47 
0.900686
15 18 27 30 40 41 47 
0.242346
15 18 27 30 41 43 47 
0.3496
15 18 27 35 38 40 47 
0.00609299
15 18 27 35 38 43 47 
0.538365
15 18 27 35 38 44 47 
0.871839
15 18 27 35 38 45 47 
0.89989
15 18 27 35 40 41 47 
0.249212
15 18 27 35 41 43 47 
0.354275
15 18 28 30 38 40 47 
0.0034087
15 18 28 30 38 43 47 
0.55935
15 18 28 30 38 44 47 
0.847355
15 18 28 30 40 41 47 
0.223503
15 18 28 30 41 43 47 
0.302713
15 18 28 35 38 40 47 
0.00607812
15 18 28 35 38 43 47 
0.563889
15 18 28 35 38 44 47 
0.846966
15 18 28 35 40 41 47 
0.229698
15 18 28 35 41 43 47 
0.306106
15 18 30 31 38 40 47 
0.00251312
15 18 30 31 38 43 47 
0.560082
15 18 30 31 38 44 47 
0.872218
15 18 30 31 40 41 47 
0.236195
15 18 30 31 41 43 47 
0.312583
15 18 30 32 38 40 47 
0.0100891
15 18 30 32 38 43 47 
0.55935
15 18 30 32 38 44 47 
0.847355
15 18 30 32 40 41 47 
0.223503
15 18 30 32 41 43 47 
0.302713
15 18 30 37 38 40 47 
0.0114792
15 18 30 37 38 43 47 
0.489302
15 18 30 37 38 44 47 
0.872218
15 18 30 37 38 45 47 
0.900686
15 18 30 37 40 41 47 
0.225154
15 18 30 37 41 43 47 
0.338122
15 18 31 35 38 40 47 
0.00811072
15 18 31 35 38 43 47 
0.564615
15 18 31 35 38 44 47 
0.871839
15 18 31 35 40 41 47 
0.24296
15 18 31 35 41 43 47 
0.316088
15 18 32 35 38 40 47 
0.0108933
15 18 32 35 38 43 47 
0.563889
15 18 32 35 38 44 47 
0.846966
15 18 32 35 40 41 47 
0.229698
15 18 32 35 41 43 47 
0.306106
15 18 35 37 38 40 47 
0.0147777
15 18 35 37 38 43 47 
0.492355
15 18 35 37 38 44 47 
0.871839
15 18 35 37 38 45 47 
0.89989
15 18 35 37 40 41 47 
0.230909
15 18 35 37 41 43 47 
0.343978
15 20 27 30 38 40 47 
0.000110622
15 20 27 30 38 43 47 
0.533366
15 20 27 30 38 44 47 
0.856613
15 20 27 30 38 45 47 
0.903772
15 20 27 30 40 41 47 
0.241552
15 20 27 30 41 43 47 
0.3485
15 20 27 35 38 40 47 
0.00606673
15 20 27 35 38 43 47 
0.536846
15 20 27 35 38 44 47 
0.856228
15 20 27 35 38 45 47 
0.902979
15 20 27 35 40 41 47 
0.248439
15 20 27 35 41 43 47 
0.35319
15 20 28 30 38 40 47 
0.00337093
15 20 28 30 38 43 47 
0.55731
15 20 28 30 38 44 47 
0.848583
15 20 28 30 40 41 47 
0.2227
15 20 28 30 41 43 47 
0.301197
15 20 28 35 38 40 47 
0.00604648
15 20 28 35 38 43 47 
0.561866
15 20 28 35 38 44 47 
0.848194
15 20 28 35 40 41 47 
0.228917
15 20 28 35 41 43 47 
0.304607
15 20 30 31 38 40 47 
0.00249437
15 20 30 31 38 43 47 
0.558352
15 20 30 31 38 44 47 
0.865215
15 20 30 31 40 41 47 
0.235364
15 20 30 31 41 43 47 
0.311129
15 20 30 32 38 40 47 
0.00993045
15 20 30 32 38 43 47 
0.55731
15 20 30 32 38 44 47 
0.848583
15 20 30 32 40 41 47 
0.2227
15 20 30 32 41 43 47 
0.301197
15 20 30 37 38 40 47 
0.0112935
15 20 30 37 38 43 47 
0.487736
15 20 30 37 38 44 47 
0.854163
15 20 30 37 38 45 47 
0.903772
15 20 30 37 40 41 47 
0.224342
15 20 30 37 41 43 47 
0.337052
15 20 31 35 38 40 47 
0.00807591
15 20 31 35 38 43 47 
0.5629
15 20 31 35 38 44 47 
0.864833
15 20 31 35 40 41 47 
0.242152
15 20 31 35 41 43 47 
0.31465
15 20 32 35 38 40 47 
0.0108499
15 20 32 35 38 43 47 
0.561866
15 20 32 35 38 44 47 
0.848194
15 20 32 35 40 41 47 
0.228917
15 20 32 35 41 43 47 
0.304607
15 20 35 37 38 40 47 
0.0146618
15 20 35 37 38 43 47 
0.490798
15 20 35 37 38 44 47 
0.853777
15 20 35 37 38 45 47 
0.902979
15 20 35 37 40 41 47 
0.230117
15 20 35 37 41 43 47 
0.342926
16 18 21 30 38 40 47 
0.00012095
16 18 21 30 38 44 47 
0.564873
16 18 21 30 40 41 47 
0.343271
16 18 21 35 38 40 47 
0.00294771
16 18 21 35 38 44 47 
0.564831
16 18 21 35 40 41 47 
0.348574
16 18 22 30 38 40 47 
0.000762905
16 18 22 30 38 44 47 
0.569181
16 18 22 30 40 41 47 
0.345154
16 18 22 35 38 40 47 
0.00647324
16 18 22 35 38 44 47 
0.569172
16 18 22 35 40 41 47 
0.35045
17 18 21 30 38 40 47 
9.67751e-005
17 18 21 30 38 44 47 
0.564223
17 18 21 30 40 41 47 
0.342822
17 18 21 35 38 40 47 
0.00291832
17 18 21 35 38 44 47 
0.564181
17 18 21 35 40 41 47 
0.348132
17 18 22 30 38 40 47 
0.00075657
17 18 22 30 38 44 47 
0.568537
17 18 22 30 40 41 47 
0.344708
17 18 22 35 38 40 47 
0.00644955
17 18 22 35 38 44 47 
0.568527
17 18 22 35 40 41 47 
0.350011
