278
seat 1 11 3 4
seat 1 27 3 4
seat 1 22 1 4
seat 1 19 2 4
seat 1 27 1 4
seat 1 16 1 4
seat 1 6 1 4
seat 1 4 2 4
seat 1 11 1 4
seat 1 13 2 4
seat 1 32 2 4
seat 1 19 1 4
seat 1 25 1 4
seat 1 10 1 4
seat 1 12 3 4
seat 1 24 1 4
seat 1 9 1 4
seat 1 21 1 4
seat 1 18 1 4
seat 1 25 3 4
seat 1 31 1 4
seat 1 6 2 4
seat 1 14 2 4
seat 1 22 2 4
seat 1 20 2 4
seat 1 6 3 4
seat 1 1 1 4
seat 1 26 2 4
aisle 2 26 1
aisle 2 25 1
seat 1 10 2 4
aisle 2 23 1
aisle 2 22 1
aisle 2 20 3
seat 1 5 2 4
aisle 2 19 1
aisle 2 18 1
seat 1 9 2 4
seat 1 5 1 4
aisle 2 14 1
aisle 2 13 1
aisle 2 12 1
aisle 2 11 1
seat 1 2 1 4
seat 1 2 2 4
aisle 2 6 1
aisle 2 5 1
aisle 2 4 1
aisle 2 3 1
aisle 2 2 1
none
none
none
none
none
none
none
none
none
none
none
none
none
none
none
none
none
none
none
none
none
none
none
none
none
none
none
none
none
none
none
none
none
none
none
none
none
none
none
none
none
none
none
none
none
none
none
none
none
none
none
none
none
none
none
none
none
none
none
none
none
none
none
none
none
none
none
none
none
none
none
none
none
none
none
none
none
none
none
none
none
none
none
none
none
none
none
none
none
none
none
none
none
none
none
none
none
none
none
none
none
none
none
none
none
none
none
none
none
none
none
none
none
none
none
none
none
none
none
none
none
none
none
none
none
none
none
none
none
none
none
none
none
none
none
none
none
none
none
280
283
305
294
293
286
279
286
274
274
284
271
299
303
294
264
293
288
275
287
281
277
282
286
266
259
265
284
276
281
275
280
288
277
283
274
276
280
288
282
283
280
283
256
288
278
282
274
279
