[Advanced] Harvest Plan Decision System
By MCM/ICM Team 2226737
=========================================
Reading parameters(epsilon, lambda, deltat, p)...
[Advanced] Harvest Plan Decision System
By MCM/ICM Team 2226737
=========================================
Reading scanning range and step:
[Advanced] Harvest Plan Decision System
By MCM/ICM Team 2226737
=========================================
Calculating...
1.99916e+006
Finished.
Optimal Harvest Area:
x: From 1 to 249
y: From 1 to 249
Thanks for using.
Quitting...
请按任意键继续. . . 
